# JRE version: OpenJDK Runtime Environment Microsoft-13877129 (17.0.19+10) (build 17.0.19+10-LTS)
# Java VM: OpenJDK 64-Bit Server VM Microsoft-13877129 (17.0.19+10-LTS, mixed mode, sharing, tiered, compressed oops, compressed class ptrs, g1 gc, windows-amd64)
GC Precious Log:
 CPUs: 10 total, 10 available
 Memory: 15751M
 Large Page Support: Disabled
 NUMA Support: Disabled
 Compressed Oops: Enabled (32-bit)
 Heap Region Size: 1M
 Heap Min Capacity: 8M
 Heap Initial Capacity: 248M
 Heap Max Capacity: 1536M
 Pre-touch: Disabled
 Parallel Workers: 9
 Concurrent Workers: 2
 Concurrent Refinement Workers: 9
 Periodic GC: Disabled
Heap:
 garbage-first heap   total 176128K, used 120556K [0x00000000a0000000, 0x0000000100000000)
  region size 1024K, 23 young (23552K), 3 survivors (3072K)
 Metaspace       used 70901K, committed 71744K, reserved 1114112K
  class space    used 9702K, committed 10048K, reserved 1048576K
GC Heap History (20 events):
Event: 20.056 GC heap before
{Heap before GC invocations=33 (full 0):
 garbage-first heap   total 153600K, used 120541K [0x00000000a0000000, 0x0000000100000000)
  region size 1024K, 34 young (34816K), 1 survivors (1024K)
 Metaspace       used 57509K, committed 58240K, reserved 1114112K
  class space    used 7905K, committed 8256K, reserved 1048576K
}
Event: 20.057 GC heap after
{Heap after GC invocations=34 (full 0):
 garbage-first heap   total 153600K, used 88423K [0x00000000a0000000, 0x0000000100000000)
  region size 1024K, 2 young (2048K), 2 survivors (2048K)
 Metaspace       used 57509K, committed 58240K, reserved 1114112K
  class space    used 7905K, committed 8256K, reserved 1048576K
}
Event: 21.454 GC heap before
{Heap before GC invocations=35 (full 0):
 garbage-first heap   total 155648K, used 122215K [0x00000000a0000000, 0x0000000100000000)
  region size 1024K, 36 young (36864K), 2 survivors (2048K)
 Metaspace       used 61182K, committed 61824K, reserved 1114112K
  class space    used 8429K, committed 8704K, reserved 1048576K
}
Event: 21.457 GC heap after
{Heap after GC invocations=36 (full 0):
 garbage-first heap   total 155648K, used 90770K [0x00000000a0000000, 0x0000000100000000)
  region size 1024K, 4 young (4096K), 4 survivors (4096K)
 Metaspace       used 61182K, committed 61824K, reserved 1114112K
  class space    used 8429K, committed 8704K, reserved 1048576K
}
Event: 21.519 GC heap before
{Heap before GC invocations=36 (full 0):
 garbage-first heap   total 155648K, used 94866K [0x00000000a0000000, 0x0000000100000000)
  region size 1024K, 7 young (7168K), 4 survivors (4096K)
 Metaspace       used 61690K, committed 62336K, reserved 1114112K
  class space    used 8483K, committed 8768K, reserved 1048576K
}
Event: 21.522 GC heap after
{Heap after GC invocations=37 (full 0):
 garbage-first heap   total 155648K, used 91236K [0x00000000a0000000, 0x0000000100000000)
  region size 1024K, 1 young (1024K), 1 survivors (1024K)
 Metaspace       used 61690K, committed 62336K, reserved 1114112K
  class space    used 8483K, committed 8768K, reserved 1048576K
}
Event: 21.531 GC heap before
{Heap before GC invocations=37 (full 0):
 garbage-first heap   total 155648K, used 94308K [0x00000000a0000000, 0x0000000100000000)
  region size 1024K, 5 young (5120K), 1 survivors (1024K)
 Metaspace       used 61690K, committed 62336K, reserved 1114112K
  class space    used 8483K, committed 8768K, reserved 1048576K
}
Event: 21.533 GC heap after
{Heap after GC invocations=38 (full 0):
 garbage-first heap   total 155648K, used 93499K [0x00000000a0000000, 0x0000000100000000)
  region size 1024K, 4 young (4096K), 4 survivors (4096K)
 Metaspace       used 61690K, committed 62336K, reserved 1114112K
  class space    used 8483K, committed 8768K, reserved 1048576K
}
Event: 21.887 GC heap before
{Heap before GC invocations=39 (full 0):
 garbage-first heap   total 176128K, used 120123K [0x00000000a0000000, 0x0000000100000000)
  region size 1024K, 27 young (27648K), 4 survivors (4096K)
 Metaspace       used 62930K, committed 63616K, reserved 1114112K
  class space    used 8667K, committed 8960K, reserved 1048576K
}
Event: 21.891 GC heap after
{Heap after GC invocations=40 (full 0):
 garbage-first heap   total 176128K, used 94262K [0x00000000a0000000, 0x0000000100000000)
  region size 1024K, 2 young (2048K), 2 survivors (2048K)
 Metaspace       used 62930K, committed 63616K, reserved 1114112K
  class space    used 8667K, committed 8960K, reserved 1048576K
}
Event: 22.242 GC heap before
{Heap before GC invocations=40 (full 0):
 garbage-first heap   total 176128K, used 99382K [0x00000000a0000000, 0x0000000100000000)
  region size 1024K, 8 young (8192K), 2 survivors (2048K)
 Metaspace       used 63453K, committed 64192K, reserved 1114112K
  class space    used 8728K, committed 9024K, reserved 1048576K
}
Event: 22.243 GC heap after
{Heap after GC invocations=41 (full 0):
 garbage-first heap   total 176128K, used 94124K [0x00000000a0000000, 0x0000000100000000)
  region size 1024K, 1 young (1024K), 1 survivors (1024K)
 Metaspace       used 63453K, committed 64192K, reserved 1114112K
  class space    used 8728K, committed 9024K, reserved 1048576K
}
Event: 23.039 GC heap before
{Heap before GC invocations=41 (full 0):
 garbage-first heap   total 176128K, used 130988K [0x00000000a0000000, 0x0000000100000000)
  region size 1024K, 37 young (37888K), 1 survivors (1024K)
 Metaspace       used 66057K, committed 66816K, reserved 1114112K
  class space    used 9067K, committed 9408K, reserved 1048576K
}
Event: 23.041 GC heap after
{Heap after GC invocations=42 (full 0):
 garbage-first heap   total 176128K, used 95892K [0x00000000a0000000, 0x0000000100000000)
  region size 1024K, 3 young (3072K), 3 survivors (3072K)
 Metaspace       used 66057K, committed 66816K, reserved 1114112K
  class space    used 9067K, committed 9408K, reserved 1048576K
}
Event: 23.392 GC heap before
{Heap before GC invocations=43 (full 0):
 garbage-first heap   total 176128K, used 134804K [0x00000000a0000000, 0x0000000100000000)
  region size 1024K, 41 young (41984K), 3 survivors (3072K)
 Metaspace       used 66356K, committed 67136K, reserved 1114112K
  class space    used 9121K, committed 9472K, reserved 1048576K
}
Event: 23.395 GC heap after
{Heap after GC invocations=44 (full 0):
 garbage-first heap   total 176128K, used 99108K [0x00000000a0000000, 0x0000000100000000)
  region size 1024K, 6 young (6144K), 6 survivors (6144K)
 Metaspace       used 66356K, committed 67136K, reserved 1114112K
  class space    used 9121K, committed 9472K, reserved 1048576K
}
Event: 23.407 GC heap before
{Heap before GC invocations=44 (full 0):
 garbage-first heap   total 176128K, used 101156K [0x00000000a0000000, 0x0000000100000000)
  region size 1024K, 8 young (8192K), 6 survivors (6144K)
 Metaspace       used 66398K, committed 67136K, reserved 1114112K
  class space    used 9126K, committed 9472K, reserved 1048576K
}
Event: 23.411 GC heap after
{Heap after GC invocations=45 (full 0):
 garbage-first heap   total 176128K, used 99511K [0x00000000a0000000, 0x0000000100000000)
  region size 1024K, 1 young (1024K), 1 survivors (1024K)
 Metaspace       used 66398K, committed 67136K, reserved 1114112K
  class space    used 9126K, committed 9472K, reserved 1048576K
}
Event: 24.545 GC heap before
{Heap before GC invocations=45 (full 0):
 garbage-first heap   total 176128K, used 137399K [0x00000000a0000000, 0x0000000100000000)
  region size 1024K, 39 young (39936K), 1 survivors (1024K)
 Metaspace       used 69536K, committed 70336K, reserved 1114112K
  class space    used 9511K, committed 9856K, reserved 1048576K
}
Event: 24.566 GC heap after
{Heap after GC invocations=46 (full 0):
 garbage-first heap   total 176128K, used 101100K [0x00000000a0000000, 0x0000000100000000)
  region size 1024K, 3 young (3072K), 3 survivors (3072K)
 Metaspace       used 69536K, committed 70336K, reserved 1114112K
  class space    used 9511K, committed 9856K, reserved 1048576K
}

