# JRE version: OpenJDK Runtime Environment Temurin-21.0.7+6 (21.0.7+6) (build 21.0.7+6-LTS)
# Java VM: OpenJDK 64-Bit Server VM Temurin-21.0.7+6 (21.0.7+6-LTS, mixed mode, sharing, tiered, compressed oops, compressed class ptrs, g1 gc, windows-amd64)
GC Precious Log:
 CardTable entry size: 512
 Card Set container configuration: InlinePtr #cards 5 size 8 Array Of Cards #cards 12 size 40 Howl #buckets 4 coarsen threshold 1843 Howl Bitmap #cards 512 size 80 coarsen threshold 460 Card regions per heap region 1 cards per card region 2048
 CPUs: 10 total, 10 available
 Memory: 15751M
 Large Page Support: Disabled
 NUMA Support: Disabled
 Compressed Oops: Enabled (32-bit)
 Heap Region Size: 1M
 Heap Min Capacity: 8M
 Heap Initial Capacity: 248M
 Heap Max Capacity: 2G
 Pre-touch: Disabled
 Parallel Workers: 9
 Concurrent Workers: 2
 Concurrent Refinement Workers: 9
 Periodic GC: Disabled
Heap:
 garbage-first heap   total 122880K, used 85532K [0x0000000080000000, 0x0000000100000000)
  region size 1024K, 52 young (53248K), 9 survivors (9216K)
 Metaspace       used 54097K, committed 55936K, reserved 1114112K
  class space    used 7666K, committed 8576K, reserved 1048576K
GC Heap History (18 events):
Event: 0.410 GC heap before
{Heap before GC invocations=0 (full 0):
 garbage-first heap   total 253952K, used 27648K [0x0000000080000000, 0x0000000100000000)
  region size 1024K, 23 young (23552K), 0 survivors (0K)
 Metaspace       used 3111K, committed 3328K, reserved 1114112K
  class space    used 363K, committed 448K, reserved 1048576K
}
Event: 0.414 GC heap after
{Heap after GC invocations=1 (full 0):
 garbage-first heap   total 253952K, used 11070K [0x0000000080000000, 0x0000000100000000)
  region size 1024K, 3 young (3072K), 3 survivors (3072K)
 Metaspace       used 3111K, committed 3328K, reserved 1114112K
  class space    used 363K, committed 448K, reserved 1048576K
}
Event: 0.616 GC heap before
{Heap before GC invocations=1 (full 0):
 garbage-first heap   total 253952K, used 40766K [0x0000000080000000, 0x0000000100000000)
  region size 1024K, 31 young (31744K), 3 survivors (3072K)
 Metaspace       used 4667K, committed 4928K, reserved 1114112K
  class space    used 576K, committed 704K, reserved 1048576K
}
Event: 0.619 GC heap after
{Heap after GC invocations=2 (full 0):
 garbage-first heap   total 253952K, used 16397K [0x0000000080000000, 0x0000000100000000)
  region size 1024K, 4 young (4096K), 4 survivors (4096K)
 Metaspace       used 4667K, committed 4928K, reserved 1114112K
  class space    used 576K, committed 704K, reserved 1048576K
}
Event: 1.630 GC heap before
{Heap before GC invocations=2 (full 0):
 garbage-first heap   total 253952K, used 119821K [0x0000000080000000, 0x0000000100000000)
  region size 1024K, 105 young (107520K), 4 survivors (4096K)
 Metaspace       used 20912K, committed 21504K, reserved 1114112K
  class space    used 2804K, committed 3072K, reserved 1048576K
}
Event: 1.634 GC heap after
{Heap after GC invocations=3 (full 0):
 garbage-first heap   total 253952K, used 24555K [0x0000000080000000, 0x0000000100000000)
  region size 1024K, 12 young (12288K), 12 survivors (12288K)
 Metaspace       used 20912K, committed 21504K, reserved 1114112K
  class space    used 2804K, committed 3072K, reserved 1048576K
}
Event: 2.106 GC heap before
{Heap before GC invocations=4 (full 0):
 garbage-first heap   total 86016K, used 84971K [0x0000000080000000, 0x0000000100000000)
  region size 1024K, 71 young (72704K), 12 survivors (12288K)
 Metaspace       used 28650K, committed 29824K, reserved 1114112K
  class space    used 4056K, committed 4608K, reserved 1048576K
}
Event: 2.111 GC heap after
{Heap after GC invocations=5 (full 0):
 garbage-first heap   total 102400K, used 28509K [0x0000000080000000, 0x0000000100000000)
  region size 1024K, 12 young (12288K), 12 survivors (12288K)
 Metaspace       used 28650K, committed 29824K, reserved 1114112K
  class space    used 4056K, committed 4608K, reserved 1048576K
}
Event: 2.419 GC heap before
{Heap before GC invocations=5 (full 0):
 garbage-first heap   total 102400K, used 70493K [0x0000000080000000, 0x0000000100000000)
  region size 1024K, 55 young (56320K), 12 survivors (12288K)
 Metaspace       used 34781K, committed 36096K, reserved 1114112K
  class space    used 4840K, committed 5504K, reserved 1048576K
}
Event: 2.423 GC heap after
{Heap after GC invocations=6 (full 0):
 garbage-first heap   total 102400K, used 30829K [0x0000000080000000, 0x0000000100000000)
  region size 1024K, 7 young (7168K), 7 survivors (7168K)
 Metaspace       used 34781K, committed 36096K, reserved 1114112K
  class space    used 4840K, committed 5504K, reserved 1048576K
}
Event: 2.444 GC heap before
{Heap before GC invocations=6 (full 0):
 garbage-first heap   total 102400K, used 31853K [0x0000000080000000, 0x0000000100000000)
  region size 1024K, 9 young (9216K), 7 survivors (7168K)
 Metaspace       used 35108K, committed 36416K, reserved 1114112K
  class space    used 4887K, committed 5568K, reserved 1048576K
}
Event: 2.446 GC heap after
{Heap after GC invocations=7 (full 0):
 garbage-first heap   total 102400K, used 32022K [0x0000000080000000, 0x0000000100000000)
  region size 1024K, 5 young (5120K), 5 survivors (5120K)
 Metaspace       used 35108K, committed 36416K, reserved 1114112K
  class space    used 4887K, committed 5568K, reserved 1048576K
}
Event: 2.839 GC heap before
{Heap before GC invocations=8 (full 0):
 garbage-first heap   total 102400K, used 84246K [0x0000000080000000, 0x0000000100000000)
  region size 1024K, 56 young (57344K), 5 survivors (5120K)
 Metaspace       used 40259K, committed 41856K, reserved 1114112K
  class space    used 5750K, committed 6528K, reserved 1048576K
}
Event: 2.841 GC heap after
{Heap after GC invocations=9 (full 0):
 garbage-first heap   total 122880K, used 34576K [0x0000000080000000, 0x0000000100000000)
  region size 1024K, 7 young (7168K), 7 survivors (7168K)
 Metaspace       used 40259K, committed 41856K, reserved 1114112K
  class space    used 5750K, committed 6528K, reserved 1048576K
}
Event: 3.397 GC heap before
{Heap before GC invocations=9 (full 0):
 garbage-first heap   total 122880K, used 101136K [0x0000000080000000, 0x0000000100000000)
  region size 1024K, 72 young (73728K), 7 survivors (7168K)
 Metaspace       used 48359K, committed 50048K, reserved 1114112K
  class space    used 6911K, committed 7744K, reserved 1048576K
}
Event: 3.400 GC heap after
{Heap after GC invocations=10 (full 0):
 garbage-first heap   total 122880K, used 37156K [0x0000000080000000, 0x0000000100000000)
  region size 1024K, 7 young (7168K), 7 survivors (7168K)
 Metaspace       used 48359K, committed 50048K, reserved 1114112K
  class space    used 6911K, committed 7744K, reserved 1048576K
}
Event: 4.043 GC heap before
{Heap before GC invocations=10 (full 0):
 garbage-first heap   total 122880K, used 102692K [0x0000000080000000, 0x0000000100000000)
  region size 1024K, 72 young (73728K), 7 survivors (7168K)
 Metaspace       used 53719K, committed 55488K, reserved 1114112K
  class space    used 7666K, committed 8576K, reserved 1048576K
}
Event: 4.048 GC heap after
{Heap after GC invocations=11 (full 0):
 garbage-first heap   total 122880K, used 43548K [0x0000000080000000, 0x0000000100000000)
  region size 1024K, 9 young (9216K), 9 survivors (9216K)
 Metaspace       used 53719K, committed 55488K, reserved 1114112K
  class space    used 7666K, committed 8576K, reserved 1048576K
}

