# JRE version: OpenJDK Runtime Environment (8.0_492-b09) (build 1.8.0_492-b09)
# Java VM: OpenJDK 64-Bit Server VM (25.492-b09 mixed mode windows-amd64 compressed oops)
Heap:
 PSYoungGen      total 15872K, used 6763K [0x00000000feb00000, 0x0000000100000000, 0x0000000100000000)
  eden space 10240K, 66% used [0x00000000feb00000,0x00000000ff19af90,0x00000000ff500000)
  from space 5632K, 0% used [0x00000000ff500000,0x00000000ff500000,0x00000000ffa80000)
  to   space 5632K, 0% used [0x00000000ffa80000,0x00000000ffa80000,0x0000000100000000)
 ParOldGen       total 44032K, used 7640K [0x00000000fc000000, 0x00000000feb00000, 0x00000000feb00000)
  object space 44032K, 17% used [0x00000000fc000000,0x00000000fc776228,0x00000000feb00000)
 Metaspace       used 21573K, capacity 22300K, committed 22656K, reserved 1069056K
  class space    used 2885K, capacity 3076K, committed 3200K, reserved 1048576K
GC Heap History (10 events):
Event: 12.608 GC heap before
{Heap before GC invocations=12 (full 0):
 PSYoungGen      total 15872K, used 12251K [0x00000000feb00000, 0x0000000100000000, 0x0000000100000000)
  eden space 10240K, 100% used [0x00000000feb00000,0x00000000ff500000,0x00000000ff500000)
  from space 5632K, 35% used [0x00000000ff500000,0x00000000ff6f6c88,0x00000000ffa80000)
  to   space 5632K, 0% used [0x00000000ffa80000,0x00000000ffa80000,0x0000000100000000)
 ParOldGen       total 44032K, used 9227K [0x00000000fc000000, 0x00000000feb00000, 0x00000000feb00000)
  object space 44032K, 20% used [0x00000000fc000000,0x00000000fc902c08,0x00000000feb00000)
 Metaspace       used 18582K, capacity 19368K, committed 19584K, reserved 1067008K
  class space    used 2460K, capacity 2682K, committed 2688K, reserved 1048576K
Event: 12.609 GC heap after
Heap after GC invocations=12 (full 0):
 PSYoungGen      total 15872K, used 1429K [0x00000000feb00000, 0x0000000100000000, 0x0000000100000000)
  eden space 10240K, 0% used [0x00000000feb00000,0x00000000feb00000,0x00000000ff500000)
  from space 5632K, 25% used [0x00000000ffa80000,0x00000000ffbe54f8,0x0000000100000000)
  to   space 5632K, 0% used [0x00000000ff500000,0x00000000ff500000,0x00000000ffa80000)
 ParOldGen       total 44032K, used 10971K [0x00000000fc000000, 0x00000000feb00000, 0x00000000feb00000)
  object space 44032K, 24% used [0x00000000fc000000,0x00000000fcab6c08,0x00000000feb00000)
 Metaspace       used 18582K, capacity 19368K, committed 19584K, reserved 1067008K
  class space    used 2460K, capacity 2682K, committed 2688K, reserved 1048576K
}
Event: 12.632 GC heap before
{Heap before GC invocations=13 (full 0):
 PSYoungGen      total 15872K, used 11669K [0x00000000feb00000, 0x0000000100000000, 0x0000000100000000)
  eden space 10240K, 100% used [0x00000000feb00000,0x00000000ff500000,0x00000000ff500000)
  from space 5632K, 25% used [0x00000000ffa80000,0x00000000ffbe54f8,0x0000000100000000)
  to   space 5632K, 0% used [0x00000000ff500000,0x00000000ff500000,0x00000000ffa80000)
 ParOldGen       total 44032K, used 10971K [0x00000000fc000000, 0x00000000feb00000, 0x00000000feb00000)
  object space 44032K, 24% used [0x00000000fc000000,0x00000000fcab6c08,0x00000000feb00000)
 Metaspace       used 18866K, capacity 19624K, committed 19968K, reserved 1067008K
  class space    used 2506K, capacity 2746K, committed 2816K, reserved 1048576K
Event: 12.633 GC heap after
Heap after GC invocations=13 (full 0):
 PSYoungGen      total 15872K, used 560K [0x00000000feb00000, 0x0000000100000000, 0x0000000100000000)
  eden space 10240K, 0% used [0x00000000feb00000,0x00000000feb00000,0x00000000ff500000)
  from space 5632K, 9% used [0x00000000ff500000,0x00000000ff58c150,0x00000000ffa80000)
  to   space 5632K, 0% used [0x00000000ffa80000,0x00000000ffa80000,0x0000000100000000)
 ParOldGen       total 44032K, used 12011K [0x00000000fc000000, 0x00000000feb00000, 0x00000000feb00000)
  object space 44032K, 27% used [0x00000000fc000000,0x00000000fcbbac18,0x00000000feb00000)
 Metaspace       used 18866K, capacity 19624K, committed 19968K, reserved 1067008K
  class space    used 2506K, capacity 2746K, committed 2816K, reserved 1048576K
}
Event: 12.658 GC heap before
{Heap before GC invocations=14 (full 0):
 PSYoungGen      total 15872K, used 10800K [0x00000000feb00000, 0x0000000100000000, 0x0000000100000000)
  eden space 10240K, 100% used [0x00000000feb00000,0x00000000ff500000,0x00000000ff500000)
  from space 5632K, 9% used [0x00000000ff500000,0x00000000ff58c150,0x00000000ffa80000)
  to   space 5632K, 0% used [0x00000000ffa80000,0x00000000ffa80000,0x0000000100000000)
 ParOldGen       total 44032K, used 12011K [0x00000000fc000000, 0x00000000feb00000, 0x00000000feb00000)
  object space 44032K, 27% used [0x00000000fc000000,0x00000000fcbbac18,0x00000000feb00000)
 Metaspace       used 19269K, capacity 20040K, committed 20224K, reserved 1067008K
  class space    used 2567K, capacity 2778K, committed 2816K, reserved 1048576K
Event: 12.659 GC heap after
Heap after GC invocations=14 (full 0):
 PSYoungGen      total 15872K, used 608K [0x00000000feb00000, 0x0000000100000000, 0x0000000100000000)
  eden space 10240K, 0% used [0x00000000feb00000,0x00000000feb00000,0x00000000ff500000)
  from space 5632K, 10% used [0x00000000ffa80000,0x00000000ffb18000,0x0000000100000000)
  to   space 5632K, 0% used [0x00000000ff500000,0x00000000ff500000,0x00000000ffa80000)
 ParOldGen       total 44032K, used 12099K [0x00000000fc000000, 0x00000000feb00000, 0x00000000feb00000)
  object space 44032K, 27% used [0x00000000fc000000,0x00000000fcbd0c18,0x00000000feb00000)
 Metaspace       used 19269K, capacity 20040K, committed 20224K, reserved 1067008K
  class space    used 2567K, capacity 2778K, committed 2816K, reserved 1048576K
}
Event: 13.155 GC heap before
{Heap before GC invocations=15 (full 0):
 PSYoungGen      total 15872K, used 3555K [0x00000000feb00000, 0x0000000100000000, 0x0000000100000000)
  eden space 10240K, 28% used [0x00000000feb00000,0x00000000fede0c90,0x00000000ff500000)
  from space 5632K, 10% used [0x00000000ffa80000,0x00000000ffb18000,0x0000000100000000)
  to   space 5632K, 0% used [0x00000000ff500000,0x00000000ff500000,0x00000000ffa80000)
 ParOldGen       total 44032K, used 12099K [0x00000000fc000000, 0x00000000feb00000, 0x00000000feb00000)
  object space 44032K, 27% used [0x00000000fc000000,0x00000000fcbd0c18,0x00000000feb00000)
 Metaspace       used 20523K, capacity 21162K, committed 21296K, reserved 1067008K
  class space    used 2748K, capacity 2939K, committed 2944K, reserved 1048576K
Event: 13.156 GC heap after
Heap after GC invocations=15 (full 0):
 PSYoungGen      total 15872K, used 653K [0x00000000feb00000, 0x0000000100000000, 0x0000000100000000)
  eden space 10240K, 0% used [0x00000000feb00000,0x00000000feb00000,0x00000000ff500000)
  from space 5632K, 11% used [0x00000000ff500000,0x00000000ff5a3710,0x00000000ffa80000)
  to   space 5632K, 0% used [0x00000000ffa80000,0x00000000ffa80000,0x0000000100000000)
 ParOldGen       total 44032K, used 12203K [0x00000000fc000000, 0x00000000feb00000, 0x00000000feb00000)
  object space 44032K, 27% used [0x00000000fc000000,0x00000000fcbeac18,0x00000000feb00000)
 Metaspace       used 20523K, capacity 21162K, committed 21296K, reserved 1067008K
  class space    used 2748K, capacity 2939K, committed 2944K, reserved 1048576K
}
Event: 13.156 GC heap before
{Heap before GC invocations=16 (full 1):
 PSYoungGen      total 15872K, used 653K [0x00000000feb00000, 0x0000000100000000, 0x0000000100000000)
  eden space 10240K, 0% used [0x00000000feb00000,0x00000000feb00000,0x00000000ff500000)
  from space 5632K, 11% used [0x00000000ff500000,0x00000000ff5a3710,0x00000000ffa80000)
  to   space 5632K, 0% used [0x00000000ffa80000,0x00000000ffa80000,0x0000000100000000)
 ParOldGen       total 44032K, used 12203K [0x00000000fc000000, 0x00000000feb00000, 0x00000000feb00000)
  object space 44032K, 27% used [0x00000000fc000000,0x00000000fcbeac18,0x00000000feb00000)
 Metaspace       used 20523K, capacity 21162K, committed 21296K, reserved 1067008K
  class space    used 2748K, capacity 2939K, committed 2944K, reserved 1048576K
Event: 13.182 GC heap after
Heap after GC invocations=16 (full 1):
 PSYoungGen      total 15872K, used 0K [0x00000000feb00000, 0x0000000100000000, 0x0000000100000000)
  eden space 10240K, 0% used [0x00000000feb00000,0x00000000feb00000,0x00000000ff500000)
  from space 5632K, 0% used [0x00000000ff500000,0x00000000ff500000,0x00000000ffa80000)
  to   space 5632K, 0% used [0x00000000ffa80000,0x00000000ffa80000,0x0000000100000000)
 ParOldGen       total 44032K, used 7640K [0x00000000fc000000, 0x00000000feb00000, 0x00000000feb00000)
  object space 44032K, 17% used [0x00000000fc000000,0x00000000fc776228,0x00000000feb00000)
 Metaspace       used 20519K, capacity 21154K, committed 21296K, reserved 1067008K
  class space    used 2747K, capacity 2937K, committed 2944K, reserved 1048576K
}

