# JRE version: OpenJDK Runtime Environment Temurin-21.0.11+10 (21.0.11+10) (build 21.0.11+10-LTS)
# Java VM: OpenJDK 64-Bit Server VM Temurin-21.0.11+10 (21.0.11+10-LTS, mixed mode, sharing, tiered, compressed oops, compressed class ptrs, parallel gc, windows-amd64)
GC Precious Log:
 CardTable entry size: 512
 CPUs: 10 total, 10 available
 Memory: 15751M
 Large Page Support: Disabled
 NUMA Support: Disabled
 Compressed Oops: Enabled (32-bit)
 Alignments: Space 512K, Generation 512K, Heap 2M
 Heap Min Capacity: 100M
 Heap Initial Capacity: 100M
 Heap Max Capacity: 2G
 Pre-touch: Disabled
 Parallel Workers: 9
Heap:
 PSYoungGen      total 17408K, used 2904K [0x00000000d5580000, 0x00000000d6800000, 0x0000000100000000)
  eden space 16896K, 15% used [0x00000000d5580000,0x00000000d5806108,0x00000000d6600000)
  from space 512K, 62% used [0x00000000d6780000,0x00000000d67d0000,0x00000000d6800000)
  to   space 512K, 0% used [0x00000000d6700000,0x00000000d6700000,0x00000000d6780000)
 ParOldGen       total 68608K, used 46113K [0x0000000080000000, 0x0000000084300000, 0x00000000d5580000)
  object space 68608K, 67% used [0x0000000080000000,0x0000000082d08440,0x0000000084300000)
 Metaspace       used 69411K, committed 70912K, reserved 1114112K
  class space    used 8769K, committed 9408K, reserved 1048576K
GC Heap History (20 events):
Event: 7.126 GC heap before
{Heap before GC invocations=48 (full 3):
 PSYoungGen      total 18944K, used 18616K [0x00000000d5580000, 0x00000000d6900000, 0x0000000100000000)
  eden space 17920K, 100% used [0x00000000d5580000,0x00000000d6700000,0x00000000d6700000)
  from space 1024K, 68% used [0x00000000d6800000,0x00000000d68ae1a8,0x00000000d6900000)
  to   space 1024K, 0% used [0x00000000d6700000,0x00000000d6700000,0x00000000d6800000)
 ParOldGen       total 68608K, used 42662K [0x0000000080000000, 0x0000000084300000, 0x00000000d5580000)
  object space 68608K, 62% used [0x0000000080000000,0x00000000829a99c0,0x0000000084300000)
 Metaspace       used 66034K, committed 67456K, reserved 1114112K
  class space    used 8406K, committed 9024K, reserved 1048576K
}
Event: 7.127 GC heap after
{Heap after GC invocations=48 (full 3):
 PSYoungGen      total 18944K, used 576K [0x00000000d5580000, 0x00000000d6900000, 0x0000000100000000)
  eden space 17920K, 0% used [0x00000000d5580000,0x00000000d5580000,0x00000000d6700000)
  from space 1024K, 56% used [0x00000000d6700000,0x00000000d6790000,0x00000000d6800000)
  to   space 1024K, 0% used [0x00000000d6800000,0x00000000d6800000,0x00000000d6900000)
 ParOldGen       total 68608K, used 43210K [0x0000000080000000, 0x0000000084300000, 0x00000000d5580000)
  object space 68608K, 62% used [0x0000000080000000,0x0000000082a32be0,0x0000000084300000)
 Metaspace       used 66034K, committed 67456K, reserved 1114112K
  class space    used 8406K, committed 9024K, reserved 1048576K
}
Event: 15.216 GC heap before
{Heap before GC invocations=49 (full 3):
 PSYoungGen      total 18944K, used 18496K [0x00000000d5580000, 0x00000000d6900000, 0x0000000100000000)
  eden space 17920K, 100% used [0x00000000d5580000,0x00000000d6700000,0x00000000d6700000)
  from space 1024K, 56% used [0x00000000d6700000,0x00000000d6790000,0x00000000d6800000)
  to   space 1024K, 0% used [0x00000000d6800000,0x00000000d6800000,0x00000000d6900000)
 ParOldGen       total 68608K, used 43210K [0x0000000080000000, 0x0000000084300000, 0x00000000d5580000)
  object space 68608K, 62% used [0x0000000080000000,0x0000000082a32be0,0x0000000084300000)
 Metaspace       used 67357K, committed 68800K, reserved 1114112K
  class space    used 8578K, committed 9216K, reserved 1048576K
}
Event: 15.217 GC heap after
{Heap after GC invocations=49 (full 3):
 PSYoungGen      total 17920K, used 1008K [0x00000000d5580000, 0x00000000d6b00000, 0x0000000100000000)
  eden space 16896K, 0% used [0x00000000d5580000,0x00000000d5580000,0x00000000d6600000)
  from space 1024K, 98% used [0x00000000d6800000,0x00000000d68fc010,0x00000000d6900000)
  to   space 2048K, 0% used [0x00000000d6600000,0x00000000d6600000,0x00000000d6800000)
 ParOldGen       total 68608K, used 43707K [0x0000000080000000, 0x0000000084300000, 0x00000000d5580000)
  object space 68608K, 63% used [0x0000000080000000,0x0000000082aaec10,0x0000000084300000)
 Metaspace       used 67357K, committed 68800K, reserved 1114112K
  class space    used 8578K, committed 9216K, reserved 1048576K
}
Event: 99.417 GC heap before
{Heap before GC invocations=50 (full 3):
 PSYoungGen      total 17920K, used 17904K [0x00000000d5580000, 0x00000000d6b00000, 0x0000000100000000)
  eden space 16896K, 100% used [0x00000000d5580000,0x00000000d6600000,0x00000000d6600000)
  from space 1024K, 98% used [0x00000000d6800000,0x00000000d68fc010,0x00000000d6900000)
  to   space 2048K, 0% used [0x00000000d6600000,0x00000000d6600000,0x00000000d6800000)
 ParOldGen       total 68608K, used 43707K [0x0000000080000000, 0x0000000084300000, 0x00000000d5580000)
  object space 68608K, 63% used [0x0000000080000000,0x0000000082aaec10,0x0000000084300000)
 Metaspace       used 68605K, committed 70080K, reserved 1114112K
  class space    used 8705K, committed 9344K, reserved 1048576K
}
Event: 99.418 GC heap after
{Heap after GC invocations=50 (full 3):
 PSYoungGen      total 18432K, used 1216K [0x00000000d5580000, 0x00000000d6900000, 0x0000000100000000)
  eden space 16896K, 0% used [0x00000000d5580000,0x00000000d5580000,0x00000000d6600000)
  from space 1536K, 79% used [0x00000000d6600000,0x00000000d6730000,0x00000000d6780000)
  to   space 1536K, 0% used [0x00000000d6780000,0x00000000d6780000,0x00000000d6900000)
 ParOldGen       total 68608K, used 44699K [0x0000000080000000, 0x0000000084300000, 0x00000000d5580000)
  object space 68608K, 65% used [0x0000000080000000,0x0000000082ba6d48,0x0000000084300000)
 Metaspace       used 68605K, committed 70080K, reserved 1114112K
  class space    used 8705K, committed 9344K, reserved 1048576K
}
Event: 1802.217 GC heap before
{Heap before GC invocations=51 (full 3):
 PSYoungGen      total 18432K, used 18095K [0x00000000d5580000, 0x00000000d6900000, 0x0000000100000000)
  eden space 16896K, 99% used [0x00000000d5580000,0x00000000d65fbf28,0x00000000d6600000)
  from space 1536K, 79% used [0x00000000d6600000,0x00000000d6730000,0x00000000d6780000)
  to   space 1536K, 0% used [0x00000000d6780000,0x00000000d6780000,0x00000000d6900000)
 ParOldGen       total 68608K, used 44699K [0x0000000080000000, 0x0000000084300000, 0x00000000d5580000)
  object space 68608K, 65% used [0x0000000080000000,0x0000000082ba6d48,0x0000000084300000)
 Metaspace       used 68933K, committed 70464K, reserved 1114112K
  class space    used 8736K, committed 9408K, reserved 1048576K
}
Event: 1802.234 GC heap after
{Heap after GC invocations=51 (full 3):
 PSYoungGen      total 17408K, used 288K [0x00000000d5580000, 0x00000000d6800000, 0x0000000100000000)
  eden space 16896K, 0% used [0x00000000d5580000,0x00000000d5580000,0x00000000d6600000)
  from space 512K, 56% used [0x00000000d6780000,0x00000000d67c8000,0x00000000d6800000)
  to   space 1024K, 0% used [0x00000000d6600000,0x00000000d6600000,0x00000000d6700000)
 ParOldGen       total 68608K, used 45769K [0x0000000080000000, 0x0000000084300000, 0x00000000d5580000)
  object space 68608K, 66% used [0x0000000080000000,0x0000000082cb2440,0x0000000084300000)
 Metaspace       used 68933K, committed 70464K, reserved 1114112K
  class space    used 8736K, committed 9408K, reserved 1048576K
}
Event: 2157.114 GC heap before
{Heap before GC invocations=52 (full 3):
 PSYoungGen      total 17408K, used 17171K [0x00000000d5580000, 0x00000000d6800000, 0x0000000100000000)
  eden space 16896K, 99% used [0x00000000d5580000,0x00000000d65fcc60,0x00000000d6600000)
  from space 512K, 56% used [0x00000000d6780000,0x00000000d67c8000,0x00000000d6800000)
  to   space 1024K, 0% used [0x00000000d6600000,0x00000000d6600000,0x00000000d6700000)
 ParOldGen       total 68608K, used 45769K [0x0000000080000000, 0x0000000084300000, 0x00000000d5580000)
  object space 68608K, 66% used [0x0000000080000000,0x0000000082cb2440,0x0000000084300000)
 Metaspace       used 68975K, committed 70464K, reserved 1114112K
  class space    used 8737K, committed 9408K, reserved 1048576K
}
Event: 2157.140 GC heap after
{Heap after GC invocations=52 (full 3):
 PSYoungGen      total 17920K, used 272K [0x00000000d5580000, 0x00000000d6800000, 0x0000000100000000)
  eden space 16896K, 0% used [0x00000000d5580000,0x00000000d5580000,0x00000000d6600000)
  from space 1024K, 26% used [0x00000000d6600000,0x00000000d6644010,0x00000000d6700000)
  to   space 512K, 0% used [0x00000000d6780000,0x00000000d6780000,0x00000000d6800000)
 ParOldGen       total 68608K, used 45889K [0x0000000080000000, 0x0000000084300000, 0x00000000d5580000)
  object space 68608K, 66% used [0x0000000080000000,0x0000000082cd0440,0x0000000084300000)
 Metaspace       used 68975K, committed 70464K, reserved 1114112K
  class space    used 8737K, committed 9408K, reserved 1048576K
}
Event: 3197.948 GC heap before
{Heap before GC invocations=53 (full 3):
 PSYoungGen      total 17920K, used 17168K [0x00000000d5580000, 0x00000000d6800000, 0x0000000100000000)
  eden space 16896K, 100% used [0x00000000d5580000,0x00000000d6600000,0x00000000d6600000)
  from space 1024K, 26% used [0x00000000d6600000,0x00000000d6644010,0x00000000d6700000)
  to   space 512K, 0% used [0x00000000d6780000,0x00000000d6780000,0x00000000d6800000)
 ParOldGen       total 68608K, used 45889K [0x0000000080000000, 0x0000000084300000, 0x00000000d5580000)
  object space 68608K, 66% used [0x0000000080000000,0x0000000082cd0440,0x0000000084300000)
 Metaspace       used 69079K, committed 70592K, reserved 1114112K
  class space    used 8737K, committed 9408K, reserved 1048576K
}
Event: 3197.952 GC heap after
{Heap after GC invocations=53 (full 3):
 PSYoungGen      total 17408K, used 256K [0x00000000d5580000, 0x00000000d6800000, 0x0000000100000000)
  eden space 16896K, 0% used [0x00000000d5580000,0x00000000d5580000,0x00000000d6600000)
  from space 512K, 50% used [0x00000000d6780000,0x00000000d67c0000,0x00000000d6800000)
  to   space 512K, 0% used [0x00000000d6700000,0x00000000d6700000,0x00000000d6780000)
 ParOldGen       total 68608K, used 45937K [0x0000000080000000, 0x0000000084300000, 0x00000000d5580000)
  object space 68608K, 66% used [0x0000000080000000,0x0000000082cdc440,0x0000000084300000)
 Metaspace       used 69079K, committed 70592K, reserved 1114112K
  class space    used 8737K, committed 9408K, reserved 1048576K
}
Event: 4331.792 GC heap before
{Heap before GC invocations=54 (full 3):
 PSYoungGen      total 17408K, used 17152K [0x00000000d5580000, 0x00000000d6800000, 0x0000000100000000)
  eden space 16896K, 100% used [0x00000000d5580000,0x00000000d6600000,0x00000000d6600000)
  from space 512K, 50% used [0x00000000d6780000,0x00000000d67c0000,0x00000000d6800000)
  to   space 512K, 0% used [0x00000000d6700000,0x00000000d6700000,0x00000000d6780000)
 ParOldGen       total 68608K, used 45937K [0x0000000080000000, 0x0000000084300000, 0x00000000d5580000)
  object space 68608K, 66% used [0x0000000080000000,0x0000000082cdc440,0x0000000084300000)
 Metaspace       used 69109K, committed 70592K, reserved 1114112K
  class space    used 8737K, committed 9408K, reserved 1048576K
}
Event: 4331.796 GC heap after
{Heap after GC invocations=54 (full 3):
 PSYoungGen      total 17408K, used 341K [0x00000000d5580000, 0x00000000d6800000, 0x0000000100000000)
  eden space 16896K, 0% used [0x00000000d5580000,0x00000000d5580000,0x00000000d6600000)
  from space 512K, 66% used [0x00000000d6700000,0x00000000d67557a8,0x00000000d6780000)
  to   space 512K, 0% used [0x00000000d6780000,0x00000000d6780000,0x00000000d6800000)
 ParOldGen       total 68608K, used 45985K [0x0000000080000000, 0x0000000084300000, 0x00000000d5580000)
  object space 68608K, 67% used [0x0000000080000000,0x0000000082ce8440,0x0000000084300000)
 Metaspace       used 69109K, committed 70592K, reserved 1114112K
  class space    used 8737K, committed 9408K, reserved 1048576K
}
Event: 5676.781 GC heap before
{Heap before GC invocations=55 (full 3):
 PSYoungGen      total 17408K, used 17237K [0x00000000d5580000, 0x00000000d6800000, 0x0000000100000000)
  eden space 16896K, 100% used [0x00000000d5580000,0x00000000d6600000,0x00000000d6600000)
  from space 512K, 66% used [0x00000000d6700000,0x00000000d67557a8,0x00000000d6780000)
  to   space 512K, 0% used [0x00000000d6780000,0x00000000d6780000,0x00000000d6800000)
 ParOldGen       total 68608K, used 45985K [0x0000000080000000, 0x0000000084300000, 0x00000000d5580000)
  object space 68608K, 67% used [0x0000000080000000,0x0000000082ce8440,0x0000000084300000)
 Metaspace       used 69165K, committed 70656K, reserved 1114112K
  class space    used 8745K, committed 9408K, reserved 1048576K
}
Event: 5676.784 GC heap after
{Heap after GC invocations=55 (full 3):
 PSYoungGen      total 17408K, used 256K [0x00000000d5580000, 0x00000000d6800000, 0x0000000100000000)
  eden space 16896K, 0% used [0x00000000d5580000,0x00000000d5580000,0x00000000d6600000)
  from space 512K, 50% used [0x00000000d6780000,0x00000000d67c0000,0x00000000d6800000)
  to   space 512K, 0% used [0x00000000d6700000,0x00000000d6700000,0x00000000d6780000)
 ParOldGen       total 68608K, used 46025K [0x0000000080000000, 0x0000000084300000, 0x00000000d5580000)
  object space 68608K, 67% used [0x0000000080000000,0x0000000082cf2440,0x0000000084300000)
 Metaspace       used 69165K, committed 70656K, reserved 1114112K
  class space    used 8745K, committed 9408K, reserved 1048576K
}
Event: 6868.798 GC heap before
{Heap before GC invocations=56 (full 3):
 PSYoungGen      total 17408K, used 17152K [0x00000000d5580000, 0x00000000d6800000, 0x0000000100000000)
  eden space 16896K, 100% used [0x00000000d5580000,0x00000000d6600000,0x00000000d6600000)
  from space 512K, 50% used [0x00000000d6780000,0x00000000d67c0000,0x00000000d6800000)
  to   space 512K, 0% used [0x00000000d6700000,0x00000000d6700000,0x00000000d6780000)
 ParOldGen       total 68608K, used 46025K [0x0000000080000000, 0x0000000084300000, 0x00000000d5580000)
  object space 68608K, 67% used [0x0000000080000000,0x0000000082cf2440,0x0000000084300000)
 Metaspace       used 69189K, committed 70656K, reserved 1114112K
  class space    used 8745K, committed 9408K, reserved 1048576K
}
Event: 6868.803 GC heap after
{Heap after GC invocations=56 (full 3):
 PSYoungGen      total 17408K, used 309K [0x00000000d5580000, 0x00000000d6800000, 0x0000000100000000)
  eden space 16896K, 0% used [0x00000000d5580000,0x00000000d5580000,0x00000000d6600000)
  from space 512K, 60% used [0x00000000d6700000,0x00000000d674d7a8,0x00000000d6780000)
  to   space 512K, 0% used [0x00000000d6780000,0x00000000d6780000,0x00000000d6800000)
 ParOldGen       total 68608K, used 46065K [0x0000000080000000, 0x0000000084300000, 0x00000000d5580000)
  object space 68608K, 67% used [0x0000000080000000,0x0000000082cfc440,0x0000000084300000)
 Metaspace       used 69189K, committed 70656K, reserved 1114112K
  class space    used 8745K, committed 9408K, reserved 1048576K
}
Event: 8648.377 GC heap before
{Heap before GC invocations=57 (full 3):
 PSYoungGen      total 17408K, used 17205K [0x00000000d5580000, 0x00000000d6800000, 0x0000000100000000)
  eden space 16896K, 100% used [0x00000000d5580000,0x00000000d6600000,0x00000000d6600000)
  from space 512K, 60% used [0x00000000d6700000,0x00000000d674d7a8,0x00000000d6780000)
  to   space 512K, 0% used [0x00000000d6780000,0x00000000d6780000,0x00000000d6800000)
 ParOldGen       total 68608K, used 46065K [0x0000000080000000, 0x0000000084300000, 0x00000000d5580000)
  object space 68608K, 67% used [0x0000000080000000,0x0000000082cfc440,0x0000000084300000)
 Metaspace       used 69386K, committed 70912K, reserved 1114112K
  class space    used 8766K, committed 9408K, reserved 1048576K
}
Event: 8648.380 GC heap after
{Heap after GC invocations=57 (full 3):
 PSYoungGen      total 17408K, used 320K [0x00000000d5580000, 0x00000000d6800000, 0x0000000100000000)
  eden space 16896K, 0% used [0x00000000d5580000,0x00000000d5580000,0x00000000d6600000)
  from space 512K, 62% used [0x00000000d6780000,0x00000000d67d0000,0x00000000d6800000)
  to   space 512K, 0% used [0x00000000d6700000,0x00000000d6700000,0x00000000d6780000)
 ParOldGen       total 68608K, used 46113K [0x0000000080000000, 0x0000000084300000, 0x00000000d5580000)
  object space 68608K, 67% used [0x0000000080000000,0x0000000082d08440,0x0000000084300000)
 Metaspace       used 69386K, committed 70912K, reserved 1114112K
  class space    used 8766K, committed 9408K, reserved 1048576K
}

