# JRE version: OpenJDK Runtime Environment Temurin-21.0.7+6 (21.0.7+6) (build 21.0.7+6-LTS)
# Java VM: OpenJDK 64-Bit Server VM Temurin-21.0.7+6 (21.0.7+6-LTS, mixed mode, sharing, tiered, compressed oops, compressed class ptrs, g1 gc, windows-amd64)
GC Precious Log:
 CardTable entry size: 512
 Card Set container configuration: InlinePtr #cards 5 size 8 Array Of Cards #cards 12 size 40 Howl #buckets 4 coarsen threshold 1843 Howl Bitmap #cards 512 size 80 coarsen threshold 460 Card regions per heap region 1 cards per card region 2048
 CPUs: 10 total, 10 available
 Memory: 15751M
 Large Page Support: Disabled
 NUMA Support: Disabled
 Compressed Oops: Enabled (32-bit)
 Heap Region Size: 1M
 Heap Min Capacity: 8M
 Heap Initial Capacity: 248M
 Heap Max Capacity: 2G
 Pre-touch: Disabled
 Parallel Workers: 9
 Concurrent Workers: 2
 Concurrent Refinement Workers: 9
 Periodic GC: Disabled
Heap:
 garbage-first heap   total 226304K, used 198021K [0x0000000080000000, 0x0000000100000000)
  region size 1024K, 69 young (70656K), 4 survivors (4096K)
 Metaspace       used 132290K, committed 134912K, reserved 1179648K
  class space    used 18666K, committed 19968K, reserved 1048576K
GC Heap History (20 events):
Event: 8.643 GC heap before
{Heap before GC invocations=28 (full 0):
 garbage-first heap   total 145408K, used 93894K [0x0000000080000000, 0x0000000100000000)
  region size 1024K, 9 young (9216K), 5 survivors (5120K)
 Metaspace       used 97654K, committed 100032K, reserved 1179648K
  class space    used 13650K, committed 14848K, reserved 1048576K
}
Event: 8.645 GC heap after
{Heap after GC invocations=29 (full 0):
 garbage-first heap   total 145408K, used 91524K [0x0000000080000000, 0x0000000100000000)
  region size 1024K, 3 young (3072K), 3 survivors (3072K)
 Metaspace       used 97654K, committed 100032K, reserved 1179648K
  class space    used 13650K, committed 14848K, reserved 1048576K
}
Event: 9.306 GC heap before
{Heap before GC invocations=30 (full 0):
 garbage-first heap   total 157696K, used 138628K [0x0000000080000000, 0x0000000100000000)
  region size 1024K, 43 young (44032K), 3 survivors (3072K)
 Metaspace       used 104107K, committed 106560K, reserved 1179648K
  class space    used 14382K, committed 15616K, reserved 1048576K
}
Event: 9.310 GC heap after
{Heap after GC invocations=31 (full 0):
 garbage-first heap   total 157696K, used 105472K [0x0000000080000000, 0x0000000100000000)
  region size 1024K, 6 young (6144K), 6 survivors (6144K)
 Metaspace       used 104107K, committed 106560K, reserved 1179648K
  class space    used 14382K, committed 15616K, reserved 1048576K
}
Event: 9.671 GC heap before
{Heap before GC invocations=31 (full 0):
 garbage-first heap   total 157696K, used 141312K [0x0000000080000000, 0x0000000100000000)
  region size 1024K, 42 young (43008K), 6 survivors (6144K)
 Metaspace       used 107604K, committed 110080K, reserved 1179648K
  class space    used 14775K, committed 16000K, reserved 1048576K
}
Event: 9.675 GC heap after
{Heap after GC invocations=32 (full 0):
 garbage-first heap   total 157696K, used 107483K [0x0000000080000000, 0x0000000100000000)
  region size 1024K, 6 young (6144K), 6 survivors (6144K)
 Metaspace       used 107604K, committed 110080K, reserved 1179648K
  class space    used 14775K, committed 16000K, reserved 1048576K
}
Event: 9.767 GC heap before
{Heap before GC invocations=32 (full 0):
 garbage-first heap   total 157696K, used 141275K [0x0000000080000000, 0x0000000100000000)
  region size 1024K, 40 young (40960K), 6 survivors (6144K)
 Metaspace       used 107880K, committed 110400K, reserved 1179648K
  class space    used 14823K, committed 16064K, reserved 1048576K
}
Event: 9.772 GC heap after
{Heap after GC invocations=33 (full 0):
 garbage-first heap   total 157696K, used 112547K [0x0000000080000000, 0x0000000100000000)
  region size 1024K, 5 young (5120K), 5 survivors (5120K)
 Metaspace       used 107880K, committed 110400K, reserved 1179648K
  class space    used 14823K, committed 16064K, reserved 1048576K
}
Event: 10.013 GC heap before
{Heap before GC invocations=34 (full 0):
 garbage-first heap   total 188416K, used 141219K [0x0000000080000000, 0x0000000100000000)
  region size 1024K, 34 young (34816K), 5 survivors (5120K)
 Metaspace       used 109153K, committed 111616K, reserved 1179648K
  class space    used 14987K, committed 16192K, reserved 1048576K
}
Event: 10.016 GC heap after
{Heap after GC invocations=35 (full 0):
 garbage-first heap   total 188416K, used 114299K [0x0000000080000000, 0x0000000100000000)
  region size 1024K, 2 young (2048K), 2 survivors (2048K)
 Metaspace       used 109153K, committed 111616K, reserved 1179648K
  class space    used 14987K, committed 16192K, reserved 1048576K
}
Event: 10.252 GC heap before
{Heap before GC invocations=35 (full 0):
 garbage-first heap   total 188416K, used 169595K [0x0000000080000000, 0x0000000100000000)
  region size 1024K, 57 young (58368K), 2 survivors (2048K)
 Metaspace       used 109277K, committed 111808K, reserved 1179648K
  class space    used 14995K, committed 16256K, reserved 1048576K
}
Event: 10.255 GC heap after
{Heap after GC invocations=36 (full 0):
 garbage-first heap   total 188416K, used 114853K [0x0000000080000000, 0x0000000100000000)
  region size 1024K, 4 young (4096K), 4 survivors (4096K)
 Metaspace       used 109277K, committed 111808K, reserved 1179648K
  class space    used 14995K, committed 16256K, reserved 1048576K
}
Event: 10.736 GC heap before
{Heap before GC invocations=36 (full 0):
 garbage-first heap   total 188416K, used 171173K [0x0000000080000000, 0x0000000100000000)
  region size 1024K, 60 young (61440K), 4 survivors (4096K)
 Metaspace       used 111279K, committed 113856K, reserved 1179648K
  class space    used 15207K, committed 16512K, reserved 1048576K
}
Event: 10.739 GC heap after
{Heap after GC invocations=37 (full 0):
 garbage-first heap   total 226304K, used 119047K [0x0000000080000000, 0x0000000100000000)
  region size 1024K, 8 young (8192K), 8 survivors (8192K)
 Metaspace       used 111279K, committed 113856K, reserved 1179648K
  class space    used 15207K, committed 16512K, reserved 1048576K
}
Event: 13.142 GC heap before
{Heap before GC invocations=38 (full 0):
 garbage-first heap   total 226304K, used 206087K [0x0000000080000000, 0x0000000100000000)
  region size 1024K, 92 young (94208K), 8 survivors (8192K)
 Metaspace       used 112858K, committed 115328K, reserved 1179648K
  class space    used 15407K, committed 16640K, reserved 1048576K
}
Event: 13.146 GC heap after
{Heap after GC invocations=39 (full 0):
 garbage-first heap   total 226304K, used 123895K [0x0000000080000000, 0x0000000100000000)
  region size 1024K, 10 young (10240K), 10 survivors (10240K)
 Metaspace       used 112858K, committed 115328K, reserved 1179648K
  class space    used 15407K, committed 16640K, reserved 1048576K
}
Event: 14.705 GC heap before
{Heap before GC invocations=39 (full 0):
 garbage-first heap   total 226304K, used 201719K [0x0000000080000000, 0x0000000100000000)
  region size 1024K, 87 young (89088K), 10 survivors (10240K)
 Metaspace       used 119796K, committed 122368K, reserved 1179648K
  class space    used 16514K, committed 17792K, reserved 1048576K
}
Event: 14.710 GC heap after
{Heap after GC invocations=40 (full 0):
 garbage-first heap   total 226304K, used 129420K [0x0000000080000000, 0x0000000100000000)
  region size 1024K, 11 young (11264K), 11 survivors (11264K)
 Metaspace       used 119796K, committed 122368K, reserved 1179648K
  class space    used 16514K, committed 17792K, reserved 1048576K
}
Event: 15.166 GC heap before
{Heap before GC invocations=40 (full 0):
 garbage-first heap   total 226304K, used 201100K [0x0000000080000000, 0x0000000100000000)
  region size 1024K, 82 young (83968K), 11 survivors (11264K)
 Metaspace       used 129037K, committed 131648K, reserved 1179648K
  class space    used 18250K, committed 19520K, reserved 1048576K
}
Event: 15.173 GC heap after
{Heap after GC invocations=41 (full 0):
 garbage-first heap   total 226304K, used 134533K [0x0000000080000000, 0x0000000100000000)
  region size 1024K, 4 young (4096K), 4 survivors (4096K)
 Metaspace       used 129037K, committed 131648K, reserved 1179648K
  class space    used 18250K, committed 19520K, reserved 1048576K
}

