# JRE version: OpenJDK Runtime Environment Microsoft-13877129 (17.0.19+10) (build 17.0.19+10-LTS)
# Java VM: OpenJDK 64-Bit Server VM Microsoft-13877129 (17.0.19+10-LTS, mixed mode, sharing, tiered, compressed oops, compressed class ptrs, g1 gc, windows-amd64)
GC Precious Log:
 CPUs: 10 total, 10 available
 Memory: 15751M
 Large Page Support: Disabled
 NUMA Support: Disabled
 Compressed Oops: Enabled (32-bit)
 Heap Region Size: 1M
 Heap Min Capacity: 8M
 Heap Initial Capacity: 248M
 Heap Max Capacity: 2G
 Pre-touch: Disabled
 Parallel Workers: 9
 Concurrent Workers: 2
 Concurrent Refinement Workers: 9
 Periodic GC: Disabled
Heap:
 garbage-first heap   total 293888K, used 172595K [0x0000000080000000, 0x0000000100000000)
  region size 1024K, 8 young (8192K), 8 survivors (8192K)
 Metaspace       used 101182K, committed 102336K, reserved 1179648K
  class space    used 14148K, committed 14720K, reserved 1048576K
GC Heap History (20 events):
Event: 8.578 GC heap after
{Heap after GC invocations=34 (full 0):
 garbage-first heap   total 168960K, used 99956K [0x0000000080000000, 0x0000000100000000)
  region size 1024K, 5 young (5120K), 5 survivors (5120K)
 Metaspace       used 92588K, committed 93632K, reserved 1179648K
  class space    used 13121K, committed 13632K, reserved 1048576K
}
Event: 8.814 GC heap before
{Heap before GC invocations=34 (full 0):
 garbage-first heap   total 168960K, used 137844K [0x0000000080000000, 0x0000000100000000)
  region size 1024K, 43 young (44032K), 5 survivors (5120K)
 Metaspace       used 93754K, committed 94848K, reserved 1179648K
  class space    used 13303K, committed 13824K, reserved 1048576K
}
Event: 8.817 GC heap after
{Heap after GC invocations=35 (full 0):
 garbage-first heap   total 168960K, used 103234K [0x0000000080000000, 0x0000000100000000)
  region size 1024K, 3 young (3072K), 3 survivors (3072K)
 Metaspace       used 93754K, committed 94848K, reserved 1179648K
  class space    used 13303K, committed 13824K, reserved 1048576K
}
Event: 9.018 GC heap before
{Heap before GC invocations=36 (full 0):
 garbage-first heap   total 186368K, used 139074K [0x0000000080000000, 0x0000000100000000)
  region size 1024K, 39 young (39936K), 3 survivors (3072K)
 Metaspace       used 94156K, committed 95232K, reserved 1179648K
  class space    used 13346K, committed 13888K, reserved 1048576K
}
Event: 9.020 GC heap after
{Heap after GC invocations=37 (full 0):
 garbage-first heap   total 186368K, used 104608K [0x0000000080000000, 0x0000000100000000)
  region size 1024K, 5 young (5120K), 5 survivors (5120K)
 Metaspace       used 94156K, committed 95232K, reserved 1179648K
  class space    used 13346K, committed 13888K, reserved 1048576K
}
Event: 9.031 GC heap before
{Heap before GC invocations=37 (full 0):
 garbage-first heap   total 186368K, used 107680K [0x0000000080000000, 0x0000000100000000)
  region size 1024K, 9 young (9216K), 5 survivors (5120K)
 Metaspace       used 94156K, committed 95232K, reserved 1179648K
  class space    used 13346K, committed 13888K, reserved 1048576K
}
Event: 9.033 GC heap after
{Heap after GC invocations=38 (full 0):
 garbage-first heap   total 224256K, used 104682K [0x0000000080000000, 0x0000000100000000)
  region size 1024K, 1 young (1024K), 1 survivors (1024K)
 Metaspace       used 94156K, committed 95232K, reserved 1179648K
  class space    used 13346K, committed 13888K, reserved 1048576K
}
Event: 9.224 GC heap before
{Heap before GC invocations=38 (full 0):
 garbage-first heap   total 224256K, used 144618K [0x0000000080000000, 0x0000000100000000)
  region size 1024K, 42 young (43008K), 1 survivors (1024K)
 Metaspace       used 94439K, committed 95552K, reserved 1179648K
  class space    used 13398K, committed 13952K, reserved 1048576K
}
Event: 9.226 GC heap after
{Heap after GC invocations=39 (full 0):
 garbage-first heap   total 224256K, used 106383K [0x0000000080000000, 0x0000000100000000)
  region size 1024K, 3 young (3072K), 3 survivors (3072K)
 Metaspace       used 94439K, committed 95552K, reserved 1179648K
  class space    used 13398K, committed 13952K, reserved 1048576K
}
Event: 9.983 GC heap before
{Heap before GC invocations=40 (full 0):
 garbage-first heap   total 224256K, used 198543K [0x0000000080000000, 0x0000000100000000)
  region size 1024K, 78 young (79872K), 3 survivors (3072K)
 Metaspace       used 100069K, committed 101248K, reserved 1179648K
  class space    used 14002K, committed 14592K, reserved 1048576K
}
Event: 9.986 GC heap after
{Heap after GC invocations=41 (full 0):
 garbage-first heap   total 224256K, used 125639K [0x0000000080000000, 0x0000000100000000)
  region size 1024K, 10 young (10240K), 10 survivors (10240K)
 Metaspace       used 100069K, committed 101248K, reserved 1179648K
  class space    used 14002K, committed 14592K, reserved 1048576K
}
Event: 9.991 GC heap before
{Heap before GC invocations=41 (full 0):
 garbage-first heap   total 224256K, used 126663K [0x0000000080000000, 0x0000000100000000)
  region size 1024K, 11 young (11264K), 10 survivors (10240K)
 Metaspace       used 100121K, committed 101248K, reserved 1179648K
  class space    used 14008K, committed 14592K, reserved 1048576K
}
Event: 9.994 GC heap after
{Heap after GC invocations=42 (full 0):
 garbage-first heap   total 224256K, used 125868K [0x0000000080000000, 0x0000000100000000)
  region size 1024K, 1 young (1024K), 1 survivors (1024K)
 Metaspace       used 100121K, committed 101248K, reserved 1179648K
  class space    used 14008K, committed 14592K, reserved 1048576K
}
Event: 10.038 GC heap before
{Heap before GC invocations=42 (full 0):
 garbage-first heap   total 224256K, used 133036K [0x0000000080000000, 0x0000000100000000)
  region size 1024K, 9 young (9216K), 1 survivors (1024K)
 Metaspace       used 100527K, committed 101696K, reserved 1179648K
  class space    used 14065K, committed 14592K, reserved 1048576K
}
Event: 10.039 GC heap after
{Heap after GC invocations=43 (full 0):
 garbage-first heap   total 224256K, used 127777K [0x0000000080000000, 0x0000000100000000)
  region size 1024K, 3 young (3072K), 3 survivors (3072K)
 Metaspace       used 100527K, committed 101696K, reserved 1179648K
  class space    used 14065K, committed 14592K, reserved 1048576K
}
Event: 10.182 GC heap before
{Heap before GC invocations=44 (full 0):
 garbage-first heap   total 293888K, used 215841K [0x0000000080000000, 0x0000000100000000)
  region size 1024K, 53 young (54272K), 3 survivors (3072K)
 Metaspace       used 101110K, committed 102272K, reserved 1179648K
  class space    used 14148K, committed 14720K, reserved 1048576K
}
Event: 10.190 GC heap after
{Heap after GC invocations=45 (full 0):
 garbage-first heap   total 293888K, used 162287K [0x0000000080000000, 0x0000000100000000)
  region size 1024K, 7 young (7168K), 7 survivors (7168K)
 Metaspace       used 101110K, committed 102272K, reserved 1179648K
  class space    used 14148K, committed 14720K, reserved 1048576K
}
Event: 10.206 GC heap before
{Heap before GC invocations=45 (full 0):
 garbage-first heap   total 293888K, used 168431K [0x0000000080000000, 0x0000000100000000)
  region size 1024K, 14 young (14336K), 7 survivors (7168K)
 Metaspace       used 101116K, committed 102272K, reserved 1179648K
  class space    used 14148K, committed 14720K, reserved 1048576K
}
Event: 10.210 GC heap after
{Heap after GC invocations=46 (full 0):
 garbage-first heap   total 293888K, used 166850K [0x0000000080000000, 0x0000000100000000)
  region size 1024K, 2 young (2048K), 2 survivors (2048K)
 Metaspace       used 101116K, committed 102272K, reserved 1179648K
  class space    used 14148K, committed 14720K, reserved 1048576K
}
Event: 10.244 GC heap before
{Heap before GC invocations=46 (full 0):
 garbage-first heap   total 293888K, used 179138K [0x0000000080000000, 0x0000000100000000)
  region size 1024K, 16 young (16384K), 2 survivors (2048K)
 Metaspace       used 101182K, committed 102336K, reserved 1179648K
  class space    used 14148K, committed 14720K, reserved 1048576K
}

