# JRE version: OpenJDK Runtime Environment Microsoft-13877129 (17.0.19+10) (build 17.0.19+10-LTS)
# Java VM: OpenJDK 64-Bit Server VM Microsoft-13877129 (17.0.19+10-LTS, mixed mode, sharing, tiered, compressed oops, compressed class ptrs, g1 gc, windows-amd64)
GC Precious Log:
 CPUs: 10 total, 10 available
 Memory: 15751M
 Large Page Support: Disabled
 NUMA Support: Disabled
 Compressed Oops: Enabled (32-bit)
 Heap Region Size: 1M
 Heap Min Capacity: 8M
 Heap Initial Capacity: 248M
 Heap Max Capacity: 2G
 Pre-touch: Disabled
 Parallel Workers: 9
 Concurrent Workers: 2
 Concurrent Refinement Workers: 9
 Periodic GC: Disabled
Heap:
 garbage-first heap   total 214016K, used 168704K [0x0000000080000000, 0x0000000100000000)
  region size 1024K, 50 young (51200K), 8 survivors (8192K)
 Metaspace       used 142374K, committed 143488K, reserved 1179648K
  class space    used 18981K, committed 19520K, reserved 1048576K
GC Heap History (20 events):
Event: 10.665 GC heap before
{Heap before GC invocations=47 (full 0):
 garbage-first heap   total 171008K, used 142685K [0x0000000080000000, 0x0000000100000000)
  region size 1024K, 53 young (54272K), 5 survivors (5120K)
 Metaspace       used 96475K, committed 97408K, reserved 1179648K
  class space    used 13503K, committed 13952K, reserved 1048576K
}
Event: 10.668 GC heap after
{Heap after GC invocations=48 (full 0):
 garbage-first heap   total 171008K, used 96445K [0x0000000080000000, 0x0000000100000000)
  region size 1024K, 5 young (5120K), 5 survivors (5120K)
 Metaspace       used 96475K, committed 97408K, reserved 1179648K
  class space    used 13503K, committed 13952K, reserved 1048576K
}
Event: 11.188 GC heap before
{Heap before GC invocations=49 (full 0):
 garbage-first heap   total 178176K, used 144573K [0x0000000080000000, 0x0000000100000000)
  region size 1024K, 53 young (54272K), 5 survivors (5120K)
 Metaspace       used 98515K, committed 99456K, reserved 1179648K
  class space    used 13721K, committed 14208K, reserved 1048576K
}
Event: 11.191 GC heap after
{Heap after GC invocations=50 (full 0):
 garbage-first heap   total 178176K, used 100361K [0x0000000080000000, 0x0000000100000000)
  region size 1024K, 6 young (6144K), 6 survivors (6144K)
 Metaspace       used 98515K, committed 99456K, reserved 1179648K
  class space    used 13721K, committed 14208K, reserved 1048576K
}
Event: 11.200 GC heap before
{Heap before GC invocations=50 (full 0):
 garbage-first heap   total 178176K, used 101385K [0x0000000080000000, 0x0000000100000000)
  region size 1024K, 8 young (8192K), 6 survivors (6144K)
 Metaspace       used 98515K, committed 99456K, reserved 1179648K
  class space    used 13721K, committed 14208K, reserved 1048576K
}
Event: 11.202 GC heap after
{Heap after GC invocations=51 (full 0):
 garbage-first heap   total 178176K, used 100693K [0x0000000080000000, 0x0000000100000000)
  region size 1024K, 1 young (1024K), 1 survivors (1024K)
 Metaspace       used 98515K, committed 99456K, reserved 1179648K
  class space    used 13721K, committed 14208K, reserved 1048576K
}
Event: 11.489 GC heap before
{Heap before GC invocations=51 (full 0):
 garbage-first heap   total 178176K, used 148821K [0x0000000080000000, 0x0000000100000000)
  region size 1024K, 49 young (50176K), 1 survivors (1024K)
 Metaspace       used 98805K, committed 99776K, reserved 1179648K
  class space    used 13739K, committed 14208K, reserved 1048576K
}
Event: 11.492 GC heap after
{Heap after GC invocations=52 (full 0):
 garbage-first heap   total 214016K, used 102405K [0x0000000080000000, 0x0000000100000000)
  region size 1024K, 3 young (3072K), 3 survivors (3072K)
 Metaspace       used 98805K, committed 99776K, reserved 1179648K
  class space    used 13739K, committed 14208K, reserved 1048576K
}
Event: 12.159 GC heap before
{Heap before GC invocations=53 (full 0):
 garbage-first heap   total 214016K, used 179205K [0x0000000080000000, 0x0000000100000000)
  region size 1024K, 79 young (80896K), 3 survivors (3072K)
 Metaspace       used 99661K, committed 100608K, reserved 1179648K
  class space    used 13829K, committed 14272K, reserved 1048576K
}
Event: 12.162 GC heap after
{Heap after GC invocations=54 (full 0):
 garbage-first heap   total 214016K, used 106013K [0x0000000080000000, 0x0000000100000000)
  region size 1024K, 7 young (7168K), 7 survivors (7168K)
 Metaspace       used 99661K, committed 100608K, reserved 1179648K
  class space    used 13829K, committed 14272K, reserved 1048576K
}
Event: 12.290 GC heap before
{Heap before GC invocations=54 (full 0):
 garbage-first heap   total 214016K, used 108061K [0x0000000080000000, 0x0000000100000000)
  region size 1024K, 10 young (10240K), 7 survivors (7168K)
 Metaspace       used 99711K, committed 100608K, reserved 1179648K
  class space    used 13831K, committed 14272K, reserved 1048576K
}
Event: 12.293 GC heap after
{Heap after GC invocations=55 (full 0):
 garbage-first heap   total 214016K, used 106205K [0x0000000080000000, 0x0000000100000000)
  region size 1024K, 1 young (1024K), 1 survivors (1024K)
 Metaspace       used 99711K, committed 100608K, reserved 1179648K
  class space    used 13831K, committed 14272K, reserved 1048576K
}
Event: 12.866 GC heap before
{Heap before GC invocations=55 (full 0):
 garbage-first heap   total 214016K, used 187101K [0x0000000080000000, 0x0000000100000000)
  region size 1024K, 73 young (74752K), 1 survivors (1024K)
 Metaspace       used 111564K, committed 112512K, reserved 1179648K
  class space    used 14958K, committed 15424K, reserved 1048576K
}
Event: 12.869 GC heap after
{Heap after GC invocations=56 (full 0):
 garbage-first heap   total 214016K, used 115478K [0x0000000080000000, 0x0000000100000000)
  region size 1024K, 5 young (5120K), 5 survivors (5120K)
 Metaspace       used 111564K, committed 112512K, reserved 1179648K
  class space    used 14958K, committed 15424K, reserved 1048576K
}
Event: 13.415 GC heap before
{Heap before GC invocations=57 (full 0):
 garbage-first heap   total 214016K, used 178966K [0x0000000080000000, 0x0000000100000000)
  region size 1024K, 68 young (69632K), 5 survivors (5120K)
 Metaspace       used 121507K, committed 122560K, reserved 1179648K
  class space    used 16596K, committed 17088K, reserved 1048576K
}
Event: 13.418 GC heap after
{Heap after GC invocations=58 (full 0):
 garbage-first heap   total 214016K, used 117668K [0x0000000080000000, 0x0000000100000000)
  region size 1024K, 2 young (2048K), 2 survivors (2048K)
 Metaspace       used 121507K, committed 122560K, reserved 1179648K
  class space    used 16596K, committed 17088K, reserved 1048576K
}
Event: 14.485 GC heap before
{Heap before GC invocations=58 (full 0):
 garbage-first heap   total 214016K, used 124836K [0x0000000080000000, 0x0000000100000000)
  region size 1024K, 10 young (10240K), 2 survivors (2048K)
 Metaspace       used 123048K, committed 124096K, reserved 1179648K
  class space    used 16756K, committed 17216K, reserved 1048576K
}
Event: 14.487 GC heap after
{Heap after GC invocations=59 (full 0):
 garbage-first heap   total 214016K, used 118169K [0x0000000080000000, 0x0000000100000000)
  region size 1024K, 1 young (1024K), 1 survivors (1024K)
 Metaspace       used 123048K, committed 124096K, reserved 1179648K
  class space    used 16756K, committed 17216K, reserved 1048576K
}
Event: 15.196 GC heap before
{Heap before GC invocations=59 (full 0):
 garbage-first heap   total 214016K, used 182681K [0x0000000080000000, 0x0000000100000000)
  region size 1024K, 63 young (64512K), 1 survivors (1024K)
 Metaspace       used 133129K, committed 134144K, reserved 1179648K
  class space    used 17913K, committed 18368K, reserved 1048576K
}
Event: 15.199 GC heap after
{Heap after GC invocations=60 (full 0):
 garbage-first heap   total 214016K, used 124672K [0x0000000080000000, 0x0000000100000000)
  region size 1024K, 8 young (8192K), 8 survivors (8192K)
 Metaspace       used 133129K, committed 134144K, reserved 1179648K
  class space    used 17913K, committed 18368K, reserved 1048576K
}

