# JRE version: OpenJDK Runtime Environment Microsoft-13877129 (17.0.19+10) (build 17.0.19+10-LTS)
# Java VM: OpenJDK 64-Bit Server VM Microsoft-13877129 (17.0.19+10-LTS, mixed mode, sharing, tiered, compressed oops, compressed class ptrs, g1 gc, windows-amd64)
GC Precious Log:
 CPUs: 10 total, 10 available
 Memory: 15751M
 Large Page Support: Disabled
 NUMA Support: Disabled
 Compressed Oops: Enabled (32-bit)
 Heap Region Size: 1M
 Heap Min Capacity: 8M
 Heap Initial Capacity: 248M
 Heap Max Capacity: 2G
 Pre-touch: Disabled
 Parallel Workers: 9
 Concurrent Workers: 2
 Concurrent Refinement Workers: 9
 Periodic GC: Disabled
Heap:
 garbage-first heap   total 262144K, used 143844K [0x0000000080000000, 0x0000000100000000)
  region size 1024K, 25 young (25600K), 2 survivors (2048K)
 Metaspace       used 118923K, committed 119936K, reserved 1179648K
  class space    used 17371K, committed 17856K, reserved 1048576K
GC Heap History (20 events):
Event: 9.720 GC heap before
{Heap before GC invocations=46 (full 0):
 garbage-first heap   total 196608K, used 159462K [0x0000000080000000, 0x0000000100000000)
  region size 1024K, 69 young (70656K), 1 survivors (1024K)
 Metaspace       used 93442K, committed 94272K, reserved 1179648K
  class space    used 13095K, committed 13504K, reserved 1048576K
}
Event: 9.721 GC heap after
{Heap after GC invocations=47 (full 0):
 garbage-first heap   total 196608K, used 93131K [0x0000000080000000, 0x0000000100000000)
  region size 1024K, 3 young (3072K), 3 survivors (3072K)
 Metaspace       used 93442K, committed 94272K, reserved 1179648K
  class space    used 13095K, committed 13504K, reserved 1048576K
}
Event: 11.075 GC heap before
{Heap before GC invocations=47 (full 0):
 garbage-first heap   total 196608K, used 161739K [0x0000000080000000, 0x0000000100000000)
  region size 1024K, 71 young (72704K), 3 survivors (3072K)
 Metaspace       used 95178K, committed 96128K, reserved 1179648K
  class space    used 13300K, committed 13760K, reserved 1048576K
}
Event: 11.078 GC heap after
{Heap after GC invocations=48 (full 0):
 garbage-first heap   total 196608K, used 98129K [0x0000000080000000, 0x0000000100000000)
  region size 1024K, 8 young (8192K), 8 survivors (8192K)
 Metaspace       used 95178K, committed 96128K, reserved 1179648K
  class space    used 13300K, committed 13760K, reserved 1048576K
}
Event: 13.098 GC heap before
{Heap before GC invocations=48 (full 0):
 garbage-first heap   total 196608K, used 162641K [0x0000000080000000, 0x0000000100000000)
  region size 1024K, 70 young (71680K), 8 survivors (8192K)
 Metaspace       used 97671K, committed 98624K, reserved 1179648K
  class space    used 13646K, committed 14144K, reserved 1048576K
}
Event: 13.103 GC heap after
{Heap after GC invocations=49 (full 0):
 garbage-first heap   total 196608K, used 103118K [0x0000000080000000, 0x0000000100000000)
  region size 1024K, 6 young (6144K), 6 survivors (6144K)
 Metaspace       used 97671K, committed 98624K, reserved 1179648K
  class space    used 13646K, committed 14144K, reserved 1048576K
}
Event: 13.455 GC heap before
{Heap before GC invocations=49 (full 0):
 garbage-first heap   total 196608K, used 160462K [0x0000000080000000, 0x0000000100000000)
  region size 1024K, 63 young (64512K), 6 survivors (6144K)
 Metaspace       used 102485K, committed 103424K, reserved 1179648K
  class space    used 14461K, committed 14912K, reserved 1048576K
}
Event: 13.459 GC heap after
{Heap after GC invocations=50 (full 0):
 garbage-first heap   total 196608K, used 110956K [0x0000000080000000, 0x0000000100000000)
  region size 1024K, 8 young (8192K), 8 survivors (8192K)
 Metaspace       used 102485K, committed 103424K, reserved 1179648K
  class space    used 14461K, committed 14912K, reserved 1048576K
}
Event: 13.740 GC heap before
{Heap before GC invocations=50 (full 0):
 garbage-first heap   total 196608K, used 160108K [0x0000000080000000, 0x0000000100000000)
  region size 1024K, 57 young (58368K), 8 survivors (8192K)
 Metaspace       used 108332K, committed 109312K, reserved 1179648K
  class space    used 15638K, committed 16128K, reserved 1048576K
}
Event: 13.744 GC heap after
{Heap after GC invocations=51 (full 0):
 garbage-first heap   total 196608K, used 114560K [0x0000000080000000, 0x0000000100000000)
  region size 1024K, 4 young (4096K), 4 survivors (4096K)
 Metaspace       used 108332K, committed 109312K, reserved 1179648K
  class space    used 15638K, committed 16128K, reserved 1048576K
}
Event: 14.071 GC heap before
{Heap before GC invocations=51 (full 0):
 garbage-first heap   total 196608K, used 161664K [0x0000000080000000, 0x0000000100000000)
  region size 1024K, 51 young (52224K), 4 survivors (4096K)
 Metaspace       used 113180K, committed 114176K, reserved 1179648K
  class space    used 16523K, committed 17024K, reserved 1048576K
}
Event: 14.076 GC heap after
{Heap after GC invocations=52 (full 0):
 garbage-first heap   total 196608K, used 116541K [0x0000000080000000, 0x0000000100000000)
  region size 1024K, 6 young (6144K), 6 survivors (6144K)
 Metaspace       used 113180K, committed 114176K, reserved 1179648K
  class space    used 16523K, committed 17024K, reserved 1048576K
}
Event: 14.196 GC heap before
{Heap before GC invocations=52 (full 0):
 garbage-first heap   total 196608K, used 162621K [0x0000000080000000, 0x0000000100000000)
  region size 1024K, 52 young (53248K), 6 survivors (6144K)
 Metaspace       used 115535K, committed 116544K, reserved 1179648K
  class space    used 16883K, committed 17344K, reserved 1048576K
}
Event: 14.201 GC heap after
{Heap after GC invocations=53 (full 0):
 garbage-first heap   total 196608K, used 120787K [0x0000000080000000, 0x0000000100000000)
  region size 1024K, 7 young (7168K), 7 survivors (7168K)
 Metaspace       used 115535K, committed 116544K, reserved 1179648K
  class space    used 16883K, committed 17344K, reserved 1048576K
}
Event: 14.305 GC heap before
{Heap before GC invocations=53 (full 0):
 garbage-first heap   total 196608K, used 162771K [0x0000000080000000, 0x0000000100000000)
  region size 1024K, 49 young (50176K), 7 survivors (7168K)
 Metaspace       used 117228K, committed 118272K, reserved 1179648K
  class space    used 17111K, committed 17600K, reserved 1048576K
}
Event: 14.308 GC heap after
{Heap after GC invocations=54 (full 0):
 garbage-first heap   total 196608K, used 122530K [0x0000000080000000, 0x0000000100000000)
  region size 1024K, 5 young (5120K), 5 survivors (5120K)
 Metaspace       used 117228K, committed 118272K, reserved 1179648K
  class space    used 17111K, committed 17600K, reserved 1048576K
}
Event: 14.411 GC heap before
{Heap before GC invocations=54 (full 0):
 garbage-first heap   total 196608K, used 162466K [0x0000000080000000, 0x0000000100000000)
  region size 1024K, 45 young (46080K), 5 survivors (5120K)
 Metaspace       used 118119K, committed 119168K, reserved 1179648K
  class space    used 17286K, committed 17792K, reserved 1048576K
}
Event: 14.413 GC heap after
{Heap after GC invocations=55 (full 0):
 garbage-first heap   total 196608K, used 123042K [0x0000000080000000, 0x0000000100000000)
  region size 1024K, 3 young (3072K), 3 survivors (3072K)
 Metaspace       used 118119K, committed 119168K, reserved 1179648K
  class space    used 17286K, committed 17792K, reserved 1048576K
}
Event: 14.600 GC heap before
{Heap before GC invocations=55 (full 0):
 garbage-first heap   total 196608K, used 164002K [0x0000000080000000, 0x0000000100000000)
  region size 1024K, 43 young (44032K), 3 survivors (3072K)
 Metaspace       used 118830K, committed 119872K, reserved 1179648K
  class space    used 17363K, committed 17856K, reserved 1048576K
}
Event: 14.602 GC heap after
{Heap after GC invocations=56 (full 0):
 garbage-first heap   total 262144K, used 121316K [0x0000000080000000, 0x0000000100000000)
  region size 1024K, 2 young (2048K), 2 survivors (2048K)
 Metaspace       used 118830K, committed 119872K, reserved 1179648K
  class space    used 17363K, committed 17856K, reserved 1048576K
}

