# JRE version: OpenJDK Runtime Environment Microsoft-13877129 (17.0.19+10) (build 17.0.19+10-LTS)
# Java VM: OpenJDK 64-Bit Server VM Microsoft-13877129 (17.0.19+10-LTS, mixed mode, sharing, tiered, compressed oops, compressed class ptrs, g1 gc, windows-amd64)
GC Precious Log:
 CPUs: 10 total, 10 available
 Memory: 15751M
 Large Page Support: Disabled
 NUMA Support: Disabled
 Compressed Oops: Enabled (32-bit)
 Heap Region Size: 1M
 Heap Min Capacity: 8M
 Heap Initial Capacity: 248M
 Heap Max Capacity: 2G
 Pre-touch: Disabled
 Parallel Workers: 9
 Concurrent Workers: 2
 Concurrent Refinement Workers: 9
 Periodic GC: Disabled
Heap:
 garbage-first heap   total 253952K, used 119388K [0x0000000080000000, 0x0000000100000000)
  region size 1024K, 7 young (7168K), 7 survivors (7168K)
 Metaspace       used 105618K, committed 106560K, reserved 1179648K
  class space    used 14330K, committed 14784K, reserved 1048576K
GC Heap History (20 events):
Event: 8.690 GC heap after
{Heap after GC invocations=44 (full 0):
 garbage-first heap   total 165888K, used 86964K [0x0000000080000000, 0x0000000100000000)
  region size 1024K, 1 young (1024K), 1 survivors (1024K)
 Metaspace       used 90001K, committed 90880K, reserved 1179648K
  class space    used 12636K, committed 13056K, reserved 1048576K
}
Event: 9.212 GC heap before
{Heap before GC invocations=44 (full 0):
 garbage-first heap   total 165888K, used 136116K [0x0000000080000000, 0x0000000100000000)
  region size 1024K, 50 young (51200K), 1 survivors (1024K)
 Metaspace       used 93576K, committed 94464K, reserved 1179648K
  class space    used 13215K, committed 13632K, reserved 1048576K
}
Event: 9.215 GC heap after
{Heap after GC invocations=45 (full 0):
 garbage-first heap   total 165888K, used 90102K [0x0000000080000000, 0x0000000100000000)
  region size 1024K, 5 young (5120K), 5 survivors (5120K)
 Metaspace       used 93576K, committed 94464K, reserved 1179648K
  class space    used 13215K, committed 13632K, reserved 1048576K
}
Event: 9.488 GC heap before
{Heap before GC invocations=46 (full 0):
 garbage-first heap   total 165888K, used 136182K [0x0000000080000000, 0x0000000100000000)
  region size 1024K, 51 young (52224K), 5 survivors (5120K)
 Metaspace       used 93963K, committed 94848K, reserved 1179648K
  class space    used 13258K, committed 13696K, reserved 1048576K
}
Event: 9.492 GC heap after
{Heap after GC invocations=47 (full 0):
 garbage-first heap   total 165888K, used 92463K [0x0000000080000000, 0x0000000100000000)
  region size 1024K, 3 young (3072K), 3 survivors (3072K)
 Metaspace       used 93963K, committed 94848K, reserved 1179648K
  class space    used 13258K, committed 13696K, reserved 1048576K
}
Event: 9.501 GC heap before
{Heap before GC invocations=47 (full 0):
 garbage-first heap   total 165888K, used 96559K [0x0000000080000000, 0x0000000100000000)
  region size 1024K, 8 young (8192K), 3 survivors (3072K)
 Metaspace       used 93964K, committed 94848K, reserved 1179648K
  class space    used 13258K, committed 13696K, reserved 1048576K
}
Event: 9.502 GC heap after
{Heap after GC invocations=48 (full 0):
 garbage-first heap   total 199680K, used 92494K [0x0000000080000000, 0x0000000100000000)
  region size 1024K, 1 young (1024K), 1 survivors (1024K)
 Metaspace       used 93964K, committed 94848K, reserved 1179648K
  class space    used 13258K, committed 13696K, reserved 1048576K
}
Event: 9.768 GC heap before
{Heap before GC invocations=48 (full 0):
 garbage-first heap   total 199680K, used 162126K [0x0000000080000000, 0x0000000100000000)
  region size 1024K, 70 young (71680K), 1 survivors (1024K)
 Metaspace       used 94134K, committed 94976K, reserved 1179648K
  class space    used 13268K, committed 13696K, reserved 1048576K
}
Event: 9.770 GC heap after
{Heap after GC invocations=49 (full 0):
 garbage-first heap   total 199680K, used 95467K [0x0000000080000000, 0x0000000100000000)
  region size 1024K, 4 young (4096K), 4 survivors (4096K)
 Metaspace       used 94134K, committed 94976K, reserved 1179648K
  class space    used 13268K, committed 13696K, reserved 1048576K
}
Event: 9.990 GC heap before
{Heap before GC invocations=50 (full 0):
 garbage-first heap   total 199680K, used 169195K [0x0000000080000000, 0x0000000100000000)
  region size 1024K, 72 young (73728K), 4 survivors (4096K)
 Metaspace       used 95712K, committed 96640K, reserved 1179648K
  class space    used 13381K, committed 13824K, reserved 1048576K
}
Event: 9.993 GC heap after
{Heap after GC invocations=51 (full 0):
 garbage-first heap   total 199680K, used 98425K [0x0000000080000000, 0x0000000100000000)
  region size 1024K, 7 young (7168K), 7 survivors (7168K)
 Metaspace       used 95712K, committed 96640K, reserved 1179648K
  class space    used 13381K, committed 13824K, reserved 1048576K
}
Event: 9.998 GC heap before
{Heap before GC invocations=51 (full 0):
 garbage-first heap   total 199680K, used 99449K [0x0000000080000000, 0x0000000100000000)
  region size 1024K, 9 young (9216K), 7 survivors (7168K)
 Metaspace       used 95718K, committed 96640K, reserved 1179648K
  class space    used 13381K, committed 13824K, reserved 1048576K
}
Event: 10.000 GC heap after
{Heap after GC invocations=52 (full 0):
 garbage-first heap   total 199680K, used 98822K [0x0000000080000000, 0x0000000100000000)
  region size 1024K, 1 young (1024K), 1 survivors (1024K)
 Metaspace       used 95718K, committed 96640K, reserved 1179648K
  class space    used 13381K, committed 13824K, reserved 1048576K
}
Event: 10.266 GC heap before
{Heap before GC invocations=52 (full 0):
 garbage-first heap   total 199680K, used 165382K [0x0000000080000000, 0x0000000100000000)
  region size 1024K, 67 young (68608K), 1 survivors (1024K)
 Metaspace       used 96608K, committed 97600K, reserved 1179648K
  class space    used 13477K, committed 13952K, reserved 1048576K
}
Event: 10.269 GC heap after
{Heap after GC invocations=53 (full 0):
 garbage-first heap   total 199680K, used 102918K [0x0000000080000000, 0x0000000100000000)
  region size 1024K, 5 young (5120K), 5 survivors (5120K)
 Metaspace       used 96608K, committed 97600K, reserved 1179648K
  class space    used 13477K, committed 13952K, reserved 1048576K
}
Event: 10.775 GC heap before
{Heap before GC invocations=54 (full 0):
 garbage-first heap   total 199680K, used 170502K [0x0000000080000000, 0x0000000100000000)
  region size 1024K, 67 young (68608K), 5 survivors (5120K)
 Metaspace       used 98996K, committed 99904K, reserved 1179648K
  class space    used 13710K, committed 14144K, reserved 1048576K
}
Event: 10.778 GC heap after
{Heap after GC invocations=55 (full 0):
 garbage-first heap   total 199680K, used 113496K [0x0000000080000000, 0x0000000100000000)
  region size 1024K, 6 young (6144K), 6 survivors (6144K)
 Metaspace       used 98996K, committed 99904K, reserved 1179648K
  class space    used 13710K, committed 14144K, reserved 1048576K
}
Event: 10.799 GC heap before
{Heap before GC invocations=55 (full 0):
 garbage-first heap   total 199680K, used 115544K [0x0000000080000000, 0x0000000100000000)
  region size 1024K, 9 young (9216K), 6 survivors (6144K)
 Metaspace       used 99498K, committed 100416K, reserved 1179648K
  class space    used 13756K, committed 14208K, reserved 1048576K
}
Event: 10.801 GC heap after
{Heap after GC invocations=56 (full 0):
 garbage-first heap   total 199680K, used 113811K [0x0000000080000000, 0x0000000100000000)
  region size 1024K, 1 young (1024K), 1 survivors (1024K)
 Metaspace       used 99498K, committed 100416K, reserved 1179648K
  class space    used 13756K, committed 14208K, reserved 1048576K
}
Event: 11.082 GC heap before
{Heap before GC invocations=56 (full 0):
 garbage-first heap   total 199680K, used 168083K [0x0000000080000000, 0x0000000100000000)
  region size 1024K, 53 young (54272K), 1 survivors (1024K)
 Metaspace       used 105618K, committed 106560K, reserved 1179648K
  class space    used 14330K, committed 14784K, reserved 1048576K
}

