# JRE version: OpenJDK Runtime Environment Microsoft-13877129 (17.0.19+10) (build 17.0.19+10-LTS)
# Java VM: OpenJDK 64-Bit Server VM Microsoft-13877129 (17.0.19+10-LTS, mixed mode, sharing, tiered, compressed oops, compressed class ptrs, g1 gc, windows-amd64)
GC Precious Log:
 CPUs: 10 total, 10 available
 Memory: 15751M
 Large Page Support: Disabled
 NUMA Support: Disabled
 Compressed Oops: Enabled (32-bit)
 Heap Region Size: 1M
 Heap Min Capacity: 8M
 Heap Initial Capacity: 248M
 Heap Max Capacity: 2G
 Pre-touch: Disabled
 Parallel Workers: 9
 Concurrent Workers: 2
 Concurrent Refinement Workers: 9
 Periodic GC: Disabled
Heap:
 garbage-first heap   total 253952K, used 133165K [0x0000000080000000, 0x0000000100000000)
  region size 1024K, 3 young (3072K), 3 survivors (3072K)
 Metaspace       used 130839K, committed 131904K, reserved 1179648K
  class space    used 18802K, committed 19328K, reserved 1048576K
GC Heap History (20 events):
Event: 10.048 GC heap after
{Heap after GC invocations=66 (full 0):
 garbage-first heap   total 206848K, used 116256K [0x0000000080000000, 0x0000000100000000)
  region size 1024K, 1 young (1024K), 1 survivors (1024K)
 Metaspace       used 103380K, committed 104256K, reserved 1179648K
  class space    used 14219K, committed 14656K, reserved 1048576K
}
Event: 10.443 GC heap before
{Heap before GC invocations=66 (full 0):
 garbage-first heap   total 206848K, used 161312K [0x0000000080000000, 0x0000000100000000)
  region size 1024K, 46 young (47104K), 1 survivors (1024K)
 Metaspace       used 105598K, committed 106432K, reserved 1179648K
  class space    used 14461K, committed 14848K, reserved 1048576K
}
Event: 10.445 GC heap after
{Heap after GC invocations=67 (full 0):
 garbage-first heap   total 206848K, used 119072K [0x0000000080000000, 0x0000000100000000)
  region size 1024K, 4 young (4096K), 4 survivors (4096K)
 Metaspace       used 105598K, committed 106432K, reserved 1179648K
  class space    used 14461K, committed 14848K, reserved 1048576K
}
Event: 10.640 GC heap before
{Heap before GC invocations=68 (full 0):
 garbage-first heap   total 206848K, used 164128K [0x0000000080000000, 0x0000000100000000)
  region size 1024K, 49 young (50176K), 4 survivors (4096K)
 Metaspace       used 105714K, committed 106624K, reserved 1179648K
  class space    used 14485K, committed 14912K, reserved 1048576K
}
Event: 10.643 GC heap after
{Heap after GC invocations=69 (full 0):
 garbage-first heap   total 206848K, used 121823K [0x0000000080000000, 0x0000000100000000)
  region size 1024K, 7 young (7168K), 7 survivors (7168K)
 Metaspace       used 105714K, committed 106624K, reserved 1179648K
  class space    used 14485K, committed 14912K, reserved 1048576K
}
Event: 10.763 GC heap before
{Heap before GC invocations=69 (full 0):
 garbage-first heap   total 206848K, used 124895K [0x0000000080000000, 0x0000000100000000)
  region size 1024K, 10 young (10240K), 7 survivors (7168K)
 Metaspace       used 105871K, committed 106816K, reserved 1179648K
  class space    used 14505K, committed 14976K, reserved 1048576K
}
Event: 10.766 GC heap after
{Heap after GC invocations=70 (full 0):
 garbage-first heap   total 248832K, used 113471K [0x0000000080000000, 0x0000000100000000)
  region size 1024K, 1 young (1024K), 1 survivors (1024K)
 Metaspace       used 105871K, committed 106816K, reserved 1179648K
  class space    used 14505K, committed 14976K, reserved 1048576K
}
Event: 13.612 GC heap before
{Heap before GC invocations=70 (full 0):
 garbage-first heap   total 248832K, used 189247K [0x0000000080000000, 0x0000000100000000)
  region size 1024K, 74 young (75776K), 1 survivors (1024K)
 Metaspace       used 109397K, committed 110336K, reserved 1179648K
  class space    used 14979K, committed 15424K, reserved 1048576K
}
Event: 13.614 GC heap after
{Heap after GC invocations=71 (full 0):
 garbage-first heap   total 248832K, used 117760K [0x0000000080000000, 0x0000000100000000)
  region size 1024K, 6 young (6144K), 6 survivors (6144K)
 Metaspace       used 109397K, committed 110336K, reserved 1179648K
  class space    used 14979K, committed 15424K, reserved 1048576K
}
Event: 14.105 GC heap before
{Heap before GC invocations=72 (full 0):
 garbage-first heap   total 248832K, used 189440K [0x0000000080000000, 0x0000000100000000)
  region size 1024K, 78 young (79872K), 6 survivors (6144K)
 Metaspace       used 115884K, committed 116800K, reserved 1179648K
  class space    used 16078K, committed 16512K, reserved 1048576K
}
Event: 14.109 GC heap after
{Heap after GC invocations=73 (full 0):
 garbage-first heap   total 248832K, used 125002K [0x0000000080000000, 0x0000000100000000)
  region size 1024K, 10 young (10240K), 10 survivors (10240K)
 Metaspace       used 115884K, committed 116800K, reserved 1179648K
  class space    used 16078K, committed 16512K, reserved 1048576K
}
Event: 14.115 GC heap before
{Heap before GC invocations=73 (full 0):
 garbage-first heap   total 248832K, used 127050K [0x0000000080000000, 0x0000000100000000)
  region size 1024K, 12 young (12288K), 10 survivors (10240K)
 Metaspace       used 116077K, committed 116992K, reserved 1179648K
  class space    used 16104K, committed 16512K, reserved 1048576K
}
Event: 14.118 GC heap after
{Heap after GC invocations=74 (full 0):
 garbage-first heap   total 248832K, used 124840K [0x0000000080000000, 0x0000000100000000)
  region size 1024K, 2 young (2048K), 2 survivors (2048K)
 Metaspace       used 116077K, committed 116992K, reserved 1179648K
  class space    used 16104K, committed 16512K, reserved 1048576K
}
Event: 14.479 GC heap before
{Heap before GC invocations=74 (full 0):
 garbage-first heap   total 248832K, used 193448K [0x0000000080000000, 0x0000000100000000)
  region size 1024K, 70 young (71680K), 2 survivors (2048K)
 Metaspace       used 123753K, committed 124736K, reserved 1179648K
  class space    used 17705K, committed 18176K, reserved 1048576K
}
Event: 14.482 GC heap after
{Heap after GC invocations=75 (full 0):
 garbage-first heap   total 248832K, used 128013K [0x0000000080000000, 0x0000000100000000)
  region size 1024K, 5 young (5120K), 5 survivors (5120K)
 Metaspace       used 123753K, committed 124736K, reserved 1179648K
  class space    used 17705K, committed 18176K, reserved 1048576K
}
Event: 14.674 GC heap before
{Heap before GC invocations=75 (full 0):
 garbage-first heap   total 248832K, used 197645K [0x0000000080000000, 0x0000000100000000)
  region size 1024K, 73 young (74752K), 5 survivors (5120K)
 Metaspace       used 127710K, committed 128832K, reserved 1179648K
  class space    used 18338K, committed 18880K, reserved 1048576K
}
Event: 14.678 GC heap after
{Heap after GC invocations=76 (full 0):
 garbage-first heap   total 248832K, used 132360K [0x0000000080000000, 0x0000000100000000)
  region size 1024K, 9 young (9216K), 9 survivors (9216K)
 Metaspace       used 127710K, committed 128832K, reserved 1179648K
  class space    used 18338K, committed 18880K, reserved 1048576K
}
Event: 14.813 GC heap before
{Heap before GC invocations=76 (full 0):
 garbage-first heap   total 248832K, used 199944K [0x0000000080000000, 0x0000000100000000)
  region size 1024K, 76 young (77824K), 9 survivors (9216K)
 Metaspace       used 130009K, committed 131072K, reserved 1179648K
  class space    used 18717K, committed 19264K, reserved 1048576K
}
Event: 14.816 GC heap after
{Heap after GC invocations=77 (full 0):
 garbage-first heap   total 248832K, used 133153K [0x0000000080000000, 0x0000000100000000)
  region size 1024K, 6 young (6144K), 6 survivors (6144K)
 Metaspace       used 130009K, committed 131072K, reserved 1179648K
  class space    used 18717K, committed 19264K, reserved 1048576K
}
Event: 15.091 GC heap before
{Heap before GC invocations=77 (full 0):
 garbage-first heap   total 248832K, used 202785K [0x0000000080000000, 0x0000000100000000)
  region size 1024K, 74 young (75776K), 6 survivors (6144K)
 Metaspace       used 130839K, committed 131904K, reserved 1179648K
  class space    used 18802K, committed 19328K, reserved 1048576K
}

