# JRE version: OpenJDK Runtime Environment Temurin-21.0.11+10 (21.0.11+10) (build 21.0.11+10-LTS)
# Java VM: OpenJDK 64-Bit Server VM Temurin-21.0.11+10 (21.0.11+10-LTS, mixed mode, sharing, tiered, compressed oops, compressed class ptrs, parallel gc, windows-amd64)
GC Precious Log:
 CardTable entry size: 512
 CPUs: 10 total, 10 available
 Memory: 15751M
 Large Page Support: Disabled
 NUMA Support: Disabled
 Compressed Oops: Enabled (32-bit)
 Alignments: Space 512K, Generation 512K, Heap 2M
 Heap Min Capacity: 100M
 Heap Initial Capacity: 100M
 Heap Max Capacity: 2G
 Pre-touch: Disabled
 Parallel Workers: 9
Heap:
 PSYoungGen      total 19456K, used 14513K [0x00000000d5580000, 0x00000000d6980000, 0x0000000100000000)
  eden space 18944K, 74% used [0x00000000d5580000,0x00000000d633c7b8,0x00000000d6800000)
  from space 512K, 87% used [0x00000000d6880000,0x00000000d68f0010,0x00000000d6900000)
  to   space 512K, 0% used [0x00000000d6900000,0x00000000d6900000,0x00000000d6980000)
 ParOldGen       total 68608K, used 47406K [0x0000000080000000, 0x0000000084300000, 0x00000000d5580000)
  object space 68608K, 69% used [0x0000000080000000,0x0000000082e4bb68,0x0000000084300000)
 Metaspace       used 70076K, committed 71616K, reserved 1114112K
  class space    used 8760K, committed 9472K, reserved 1048576K
GC Heap History (20 events):
Event: 27734.491 GC heap before
{Heap before GC invocations=77 (full 3):
 PSYoungGen      total 19456K, used 19328K [0x00000000d5580000, 0x00000000d6a00000, 0x0000000100000000)
  eden space 18944K, 100% used [0x00000000d5580000,0x00000000d6800000,0x00000000d6800000)
  from space 512K, 75% used [0x00000000d6900000,0x00000000d6960010,0x00000000d6980000)
  to   space 512K, 0% used [0x00000000d6980000,0x00000000d6980000,0x00000000d6a00000)
 ParOldGen       total 68608K, used 46678K [0x0000000080000000, 0x0000000084300000, 0x00000000d5580000)
  object space 68608K, 68% used [0x0000000080000000,0x0000000082d95b58,0x0000000084300000)
 Metaspace       used 69744K, committed 71360K, reserved 1114112K
  class space    used 8749K, committed 9472K, reserved 1048576K
}
Event: 27734.493 GC heap after
{Heap after GC invocations=77 (full 3):
 PSYoungGen      total 19456K, used 256K [0x00000000d5580000, 0x00000000d6a00000, 0x0000000100000000)
  eden space 18944K, 0% used [0x00000000d5580000,0x00000000d5580000,0x00000000d6800000)
  from space 512K, 50% used [0x00000000d6980000,0x00000000d69c0000,0x00000000d6a00000)
  to   space 512K, 0% used [0x00000000d6900000,0x00000000d6900000,0x00000000d6980000)
 ParOldGen       total 68608K, used 46710K [0x0000000080000000, 0x0000000084300000, 0x00000000d5580000)
  object space 68608K, 68% used [0x0000000080000000,0x0000000082d9db58,0x0000000084300000)
 Metaspace       used 69744K, committed 71360K, reserved 1114112K
  class space    used 8749K, committed 9472K, reserved 1048576K
}
Event: 29524.388 GC heap before
{Heap before GC invocations=78 (full 3):
 PSYoungGen      total 19456K, used 19200K [0x00000000d5580000, 0x00000000d6a00000, 0x0000000100000000)
  eden space 18944K, 100% used [0x00000000d5580000,0x00000000d6800000,0x00000000d6800000)
  from space 512K, 50% used [0x00000000d6980000,0x00000000d69c0000,0x00000000d6a00000)
  to   space 512K, 0% used [0x00000000d6900000,0x00000000d6900000,0x00000000d6980000)
 ParOldGen       total 68608K, used 46710K [0x0000000080000000, 0x0000000084300000, 0x00000000d5580000)
  object space 68608K, 68% used [0x0000000080000000,0x0000000082d9db58,0x0000000084300000)
 Metaspace       used 69771K, committed 71360K, reserved 1114112K
  class space    used 8752K, committed 9472K, reserved 1048576K
}
Event: 29524.398 GC heap after
{Heap after GC invocations=78 (full 3):
 PSYoungGen      total 19456K, used 256K [0x00000000d5580000, 0x00000000d6a00000, 0x0000000100000000)
  eden space 18944K, 0% used [0x00000000d5580000,0x00000000d5580000,0x00000000d6800000)
  from space 512K, 50% used [0x00000000d6900000,0x00000000d6940000,0x00000000d6980000)
  to   space 512K, 0% used [0x00000000d6980000,0x00000000d6980000,0x00000000d6a00000)
 ParOldGen       total 68608K, used 46718K [0x0000000080000000, 0x0000000084300000, 0x00000000d5580000)
  object space 68608K, 68% used [0x0000000080000000,0x0000000082d9fb58,0x0000000084300000)
 Metaspace       used 69771K, committed 71360K, reserved 1114112K
  class space    used 8752K, committed 9472K, reserved 1048576K
}
Event: 31416.196 GC heap before
{Heap before GC invocations=79 (full 3):
 PSYoungGen      total 19456K, used 18865K [0x00000000d5580000, 0x00000000d6a00000, 0x0000000100000000)
  eden space 18944K, 98% used [0x00000000d5580000,0x00000000d67ac768,0x00000000d6800000)
  from space 512K, 50% used [0x00000000d6900000,0x00000000d6940000,0x00000000d6980000)
  to   space 512K, 0% used [0x00000000d6980000,0x00000000d6980000,0x00000000d6a00000)
 ParOldGen       total 68608K, used 46718K [0x0000000080000000, 0x0000000084300000, 0x00000000d5580000)
  object space 68608K, 68% used [0x0000000080000000,0x0000000082d9fb58,0x0000000084300000)
 Metaspace       used 69797K, committed 71360K, reserved 1114112K
  class space    used 8752K, committed 9472K, reserved 1048576K
}
Event: 31416.211 GC heap after
{Heap after GC invocations=79 (full 3):
 PSYoungGen      total 19456K, used 448K [0x00000000d5580000, 0x00000000d6a00000, 0x0000000100000000)
  eden space 18944K, 0% used [0x00000000d5580000,0x00000000d5580000,0x00000000d6800000)
  from space 512K, 87% used [0x00000000d6980000,0x00000000d69f0010,0x00000000d6a00000)
  to   space 512K, 0% used [0x00000000d6900000,0x00000000d6900000,0x00000000d6980000)
 ParOldGen       total 68608K, used 46766K [0x0000000080000000, 0x0000000084300000, 0x00000000d5580000)
  object space 68608K, 68% used [0x0000000080000000,0x0000000082dabb58,0x0000000084300000)
 Metaspace       used 69797K, committed 71360K, reserved 1114112K
  class space    used 8752K, committed 9472K, reserved 1048576K
}
Event: 33011.130 GC heap before
{Heap before GC invocations=80 (full 3):
 PSYoungGen      total 19456K, used 19391K [0x00000000d5580000, 0x00000000d6a00000, 0x0000000100000000)
  eden space 18944K, 99% used [0x00000000d5580000,0x00000000d67ffde8,0x00000000d6800000)
  from space 512K, 87% used [0x00000000d6980000,0x00000000d69f0010,0x00000000d6a00000)
  to   space 512K, 0% used [0x00000000d6900000,0x00000000d6900000,0x00000000d6980000)
 ParOldGen       total 68608K, used 46766K [0x0000000080000000, 0x0000000084300000, 0x00000000d5580000)
  object space 68608K, 68% used [0x0000000080000000,0x0000000082dabb58,0x0000000084300000)
 Metaspace       used 69971K, committed 71488K, reserved 1114112K
  class space    used 8759K, committed 9472K, reserved 1048576K
}
Event: 33011.139 GC heap after
{Heap after GC invocations=80 (full 3):
 PSYoungGen      total 19456K, used 256K [0x00000000d5580000, 0x00000000d6a00000, 0x0000000100000000)
  eden space 18944K, 0% used [0x00000000d5580000,0x00000000d5580000,0x00000000d6800000)
  from space 512K, 50% used [0x00000000d6900000,0x00000000d6940000,0x00000000d6980000)
  to   space 512K, 0% used [0x00000000d6980000,0x00000000d6980000,0x00000000d6a00000)
 ParOldGen       total 68608K, used 47198K [0x0000000080000000, 0x0000000084300000, 0x00000000d5580000)
  object space 68608K, 68% used [0x0000000080000000,0x0000000082e17b68,0x0000000084300000)
 Metaspace       used 69971K, committed 71488K, reserved 1114112K
  class space    used 8759K, committed 9472K, reserved 1048576K
}
Event: 33156.895 GC heap before
{Heap before GC invocations=81 (full 3):
 PSYoungGen      total 19456K, used 19070K [0x00000000d5580000, 0x00000000d6a00000, 0x0000000100000000)
  eden space 18944K, 99% used [0x00000000d5580000,0x00000000d67dfa58,0x00000000d6800000)
  from space 512K, 50% used [0x00000000d6900000,0x00000000d6940000,0x00000000d6980000)
  to   space 512K, 0% used [0x00000000d6980000,0x00000000d6980000,0x00000000d6a00000)
 ParOldGen       total 68608K, used 47198K [0x0000000080000000, 0x0000000084300000, 0x00000000d5580000)
  object space 68608K, 68% used [0x0000000080000000,0x0000000082e17b68,0x0000000084300000)
 Metaspace       used 69978K, committed 71552K, reserved 1114112K
  class space    used 8759K, committed 9472K, reserved 1048576K
}
Event: 33156.920 GC heap after
{Heap after GC invocations=81 (full 3):
 PSYoungGen      total 19456K, used 320K [0x00000000d5580000, 0x00000000d6a00000, 0x0000000100000000)
  eden space 18944K, 0% used [0x00000000d5580000,0x00000000d5580000,0x00000000d6800000)
  from space 512K, 62% used [0x00000000d6980000,0x00000000d69d0010,0x00000000d6a00000)
  to   space 512K, 0% used [0x00000000d6900000,0x00000000d6900000,0x00000000d6980000)
 ParOldGen       total 68608K, used 47254K [0x0000000080000000, 0x0000000084300000, 0x00000000d5580000)
  object space 68608K, 68% used [0x0000000080000000,0x0000000082e25b68,0x0000000084300000)
 Metaspace       used 69978K, committed 71552K, reserved 1114112K
  class space    used 8759K, committed 9472K, reserved 1048576K
}
Event: 34307.563 GC heap before
{Heap before GC invocations=82 (full 3):
 PSYoungGen      total 19456K, used 19264K [0x00000000d5580000, 0x00000000d6a00000, 0x0000000100000000)
  eden space 18944K, 100% used [0x00000000d5580000,0x00000000d6800000,0x00000000d6800000)
  from space 512K, 62% used [0x00000000d6980000,0x00000000d69d0010,0x00000000d6a00000)
  to   space 512K, 0% used [0x00000000d6900000,0x00000000d6900000,0x00000000d6980000)
 ParOldGen       total 68608K, used 47254K [0x0000000080000000, 0x0000000084300000, 0x00000000d5580000)
  object space 68608K, 68% used [0x0000000080000000,0x0000000082e25b68,0x0000000084300000)
 Metaspace       used 70012K, committed 71616K, reserved 1114112K
  class space    used 8759K, committed 9472K, reserved 1048576K
}
Event: 34307.569 GC heap after
{Heap after GC invocations=82 (full 3):
 PSYoungGen      total 19456K, used 256K [0x00000000d5580000, 0x00000000d6a00000, 0x0000000100000000)
  eden space 18944K, 0% used [0x00000000d5580000,0x00000000d5580000,0x00000000d6800000)
  from space 512K, 50% used [0x00000000d6900000,0x00000000d6940000,0x00000000d6980000)
  to   space 512K, 0% used [0x00000000d6980000,0x00000000d6980000,0x00000000d6a00000)
 ParOldGen       total 68608K, used 47254K [0x0000000080000000, 0x0000000084300000, 0x00000000d5580000)
  object space 68608K, 68% used [0x0000000080000000,0x0000000082e25b68,0x0000000084300000)
 Metaspace       used 70012K, committed 71616K, reserved 1114112K
  class space    used 8759K, committed 9472K, reserved 1048576K
}
Event: 36482.527 GC heap before
{Heap before GC invocations=83 (full 3):
 PSYoungGen      total 19456K, used 19200K [0x00000000d5580000, 0x00000000d6a00000, 0x0000000100000000)
  eden space 18944K, 100% used [0x00000000d5580000,0x00000000d6800000,0x00000000d6800000)
  from space 512K, 50% used [0x00000000d6900000,0x00000000d6940000,0x00000000d6980000)
  to   space 512K, 0% used [0x00000000d6980000,0x00000000d6980000,0x00000000d6a00000)
 ParOldGen       total 68608K, used 47254K [0x0000000080000000, 0x0000000084300000, 0x00000000d5580000)
  object space 68608K, 68% used [0x0000000080000000,0x0000000082e25b68,0x0000000084300000)
 Metaspace       used 70023K, committed 71616K, reserved 1114112K
  class space    used 8759K, committed 9472K, reserved 1048576K
}
Event: 36482.541 GC heap after
{Heap after GC invocations=83 (full 3):
 PSYoungGen      total 19456K, used 480K [0x00000000d5580000, 0x00000000d6a00000, 0x0000000100000000)
  eden space 18944K, 0% used [0x00000000d5580000,0x00000000d5580000,0x00000000d6800000)
  from space 512K, 93% used [0x00000000d6980000,0x00000000d69f8010,0x00000000d6a00000)
  to   space 1024K, 0% used [0x00000000d6800000,0x00000000d6800000,0x00000000d6900000)
 ParOldGen       total 68608K, used 47318K [0x0000000080000000, 0x0000000084300000, 0x00000000d5580000)
  object space 68608K, 68% used [0x0000000080000000,0x0000000082e35b68,0x0000000084300000)
 Metaspace       used 70023K, committed 71616K, reserved 1114112K
  class space    used 8759K, committed 9472K, reserved 1048576K
}
Event: 37557.434 GC heap before
{Heap before GC invocations=84 (full 3):
 PSYoungGen      total 19456K, used 19424K [0x00000000d5580000, 0x00000000d6a00000, 0x0000000100000000)
  eden space 18944K, 100% used [0x00000000d5580000,0x00000000d6800000,0x00000000d6800000)
  from space 512K, 93% used [0x00000000d6980000,0x00000000d69f8010,0x00000000d6a00000)
  to   space 1024K, 0% used [0x00000000d6800000,0x00000000d6800000,0x00000000d6900000)
 ParOldGen       total 68608K, used 47318K [0x0000000080000000, 0x0000000084300000, 0x00000000d5580000)
  object space 68608K, 68% used [0x0000000080000000,0x0000000082e35b68,0x0000000084300000)
 Metaspace       used 70036K, committed 71616K, reserved 1114112K
  class space    used 8759K, committed 9472K, reserved 1048576K
}
Event: 37557.449 GC heap after
{Heap after GC invocations=84 (full 3):
 PSYoungGen      total 19968K, used 547K [0x00000000d5580000, 0x00000000d6a00000, 0x0000000100000000)
  eden space 18944K, 0% used [0x00000000d5580000,0x00000000d5580000,0x00000000d6800000)
  from space 1024K, 53% used [0x00000000d6800000,0x00000000d6888e40,0x00000000d6900000)
  to   space 1024K, 0% used [0x00000000d6900000,0x00000000d6900000,0x00000000d6a00000)
 ParOldGen       total 68608K, used 47366K [0x0000000080000000, 0x0000000084300000, 0x00000000d5580000)
  object space 68608K, 69% used [0x0000000080000000,0x0000000082e41b68,0x0000000084300000)
 Metaspace       used 70036K, committed 71616K, reserved 1114112K
  class space    used 8759K, committed 9472K, reserved 1048576K
}
Event: 37644.742 GC heap before
{Heap before GC invocations=85 (full 3):
 PSYoungGen      total 19968K, used 19491K [0x00000000d5580000, 0x00000000d6a00000, 0x0000000100000000)
  eden space 18944K, 100% used [0x00000000d5580000,0x00000000d6800000,0x00000000d6800000)
  from space 1024K, 53% used [0x00000000d6800000,0x00000000d6888e40,0x00000000d6900000)
  to   space 1024K, 0% used [0x00000000d6900000,0x00000000d6900000,0x00000000d6a00000)
 ParOldGen       total 68608K, used 47366K [0x0000000080000000, 0x0000000084300000, 0x00000000d5580000)
  object space 68608K, 69% used [0x0000000080000000,0x0000000082e41b68,0x0000000084300000)
 Metaspace       used 70044K, committed 71616K, reserved 1114112K
  class space    used 8759K, committed 9472K, reserved 1048576K
}
Event: 37644.756 GC heap after
{Heap after GC invocations=85 (full 3):
 PSYoungGen      total 19456K, used 256K [0x00000000d5580000, 0x00000000d6980000, 0x0000000100000000)
  eden space 18944K, 0% used [0x00000000d5580000,0x00000000d5580000,0x00000000d6800000)
  from space 512K, 50% used [0x00000000d6900000,0x00000000d6940000,0x00000000d6980000)
  to   space 512K, 0% used [0x00000000d6880000,0x00000000d6880000,0x00000000d6900000)
 ParOldGen       total 68608K, used 47382K [0x0000000080000000, 0x0000000084300000, 0x00000000d5580000)
  object space 68608K, 69% used [0x0000000080000000,0x0000000082e45b68,0x0000000084300000)
 Metaspace       used 70044K, committed 71616K, reserved 1114112K
  class space    used 8759K, committed 9472K, reserved 1048576K
}
Event: 38833.553 GC heap before
{Heap before GC invocations=86 (full 3):
 PSYoungGen      total 19456K, used 18900K [0x00000000d5580000, 0x00000000d6980000, 0x0000000100000000)
  eden space 18944K, 98% used [0x00000000d5580000,0x00000000d67b50b0,0x00000000d6800000)
  from space 512K, 50% used [0x00000000d6900000,0x00000000d6940000,0x00000000d6980000)
  to   space 512K, 0% used [0x00000000d6880000,0x00000000d6880000,0x00000000d6900000)
 ParOldGen       total 68608K, used 47382K [0x0000000080000000, 0x0000000084300000, 0x00000000d5580000)
  object space 68608K, 69% used [0x0000000080000000,0x0000000082e45b68,0x0000000084300000)
 Metaspace       used 70062K, committed 71616K, reserved 1114112K
  class space    used 8759K, committed 9472K, reserved 1048576K
}
Event: 38833.563 GC heap after
{Heap after GC invocations=86 (full 3):
 PSYoungGen      total 19456K, used 448K [0x00000000d5580000, 0x00000000d6980000, 0x0000000100000000)
  eden space 18944K, 0% used [0x00000000d5580000,0x00000000d5580000,0x00000000d6800000)
  from space 512K, 87% used [0x00000000d6880000,0x00000000d68f0010,0x00000000d6900000)
  to   space 512K, 0% used [0x00000000d6900000,0x00000000d6900000,0x00000000d6980000)
 ParOldGen       total 68608K, used 47406K [0x0000000080000000, 0x0000000084300000, 0x00000000d5580000)
  object space 68608K, 69% used [0x0000000080000000,0x0000000082e4bb68,0x0000000084300000)
 Metaspace       used 70062K, committed 71616K, reserved 1114112K
  class space    used 8759K, committed 9472K, reserved 1048576K
}

