# JRE version: OpenJDK Runtime Environment Microsoft-13877129 (17.0.19+10) (build 17.0.19+10-LTS)
# Java VM: OpenJDK 64-Bit Server VM Microsoft-13877129 (17.0.19+10-LTS, mixed mode, sharing, tiered, compressed oops, compressed class ptrs, g1 gc, windows-amd64)
GC Precious Log:
 CPUs: 10 total, 10 available
 Memory: 15751M
 Large Page Support: Disabled
 NUMA Support: Disabled
 Compressed Oops: Enabled (32-bit)
 Heap Region Size: 1M
 Heap Min Capacity: 8M
 Heap Initial Capacity: 248M
 Heap Max Capacity: 2G
 Pre-touch: Disabled
 Parallel Workers: 9
 Concurrent Workers: 2
 Concurrent Refinement Workers: 9
 Periodic GC: Disabled
Heap:
 garbage-first heap   total 253952K, used 109927K [0x0000000080000000, 0x0000000100000000)
  region size 1024K, 1 young (1024K), 1 survivors (1024K)
 Metaspace       used 109621K, committed 110656K, reserved 1179648K
  class space    used 16273K, committed 16768K, reserved 1048576K
GC Heap History (20 events):
Event: 7.568 GC heap after
{Heap after GC invocations=44 (full 0):
 garbage-first heap   total 145408K, used 83529K [0x0000000080000000, 0x0000000100000000)
  region size 1024K, 4 young (4096K), 4 survivors (4096K)
 Metaspace       used 86534K, committed 87360K, reserved 1179648K
  class space    used 12230K, committed 12608K, reserved 1048576K
}
Event: 7.857 GC heap before
{Heap before GC invocations=44 (full 0):
 garbage-first heap   total 145408K, used 122441K [0x0000000080000000, 0x0000000100000000)
  region size 1024K, 42 young (43008K), 4 survivors (4096K)
 Metaspace       used 89150K, committed 90048K, reserved 1179648K
  class space    used 12663K, committed 13056K, reserved 1048576K
}
Event: 7.860 GC heap after
{Heap after GC invocations=45 (full 0):
 garbage-first heap   total 145408K, used 86404K [0x0000000080000000, 0x0000000100000000)
  region size 1024K, 5 young (5120K), 5 survivors (5120K)
 Metaspace       used 89150K, committed 90048K, reserved 1179648K
  class space    used 12663K, committed 13056K, reserved 1048576K
}
Event: 7.999 GC heap before
{Heap before GC invocations=46 (full 0):
 garbage-first heap   total 165888K, used 121220K [0x0000000080000000, 0x0000000100000000)
  region size 1024K, 40 young (40960K), 5 survivors (5120K)
 Metaspace       used 89469K, committed 90368K, reserved 1179648K
  class space    used 12701K, committed 13120K, reserved 1048576K
}
Event: 8.001 GC heap after
{Heap after GC invocations=47 (full 0):
 garbage-first heap   total 165888K, used 88047K [0x0000000080000000, 0x0000000100000000)
  region size 1024K, 2 young (2048K), 2 survivors (2048K)
 Metaspace       used 89469K, committed 90368K, reserved 1179648K
  class space    used 12701K, committed 13120K, reserved 1048576K
}
Event: 8.135 GC heap before
{Heap before GC invocations=47 (full 0):
 garbage-first heap   total 165888K, used 138223K [0x0000000080000000, 0x0000000100000000)
  region size 1024K, 52 young (53248K), 2 survivors (2048K)
 Metaspace       used 89671K, committed 90560K, reserved 1179648K
  class space    used 12711K, committed 13120K, reserved 1048576K
}
Event: 8.137 GC heap after
{Heap after GC invocations=48 (full 0):
 garbage-first heap   total 199680K, used 90042K [0x0000000080000000, 0x0000000100000000)
  region size 1024K, 4 young (4096K), 4 survivors (4096K)
 Metaspace       used 89671K, committed 90560K, reserved 1179648K
  class space    used 12711K, committed 13120K, reserved 1048576K
}
Event: 8.319 GC heap before
{Heap before GC invocations=49 (full 0):
 garbage-first heap   total 199680K, used 164794K [0x0000000080000000, 0x0000000100000000)
  region size 1024K, 78 young (79872K), 4 survivors (4096K)
 Metaspace       used 89823K, committed 90624K, reserved 1179648K
  class space    used 12721K, committed 13120K, reserved 1048576K
}
Event: 8.323 GC heap after
{Heap after GC invocations=50 (full 0):
 garbage-first heap   total 199680K, used 93545K [0x0000000080000000, 0x0000000100000000)
  region size 1024K, 8 young (8192K), 8 survivors (8192K)
 Metaspace       used 89823K, committed 90624K, reserved 1179648K
  class space    used 12721K, committed 13120K, reserved 1048576K
}
Event: 8.372 GC heap before
{Heap before GC invocations=50 (full 0):
 garbage-first heap   total 199680K, used 105833K [0x0000000080000000, 0x0000000100000000)
  region size 1024K, 20 young (20480K), 8 survivors (8192K)
 Metaspace       used 90062K, committed 90944K, reserved 1179648K
  class space    used 12766K, committed 13184K, reserved 1048576K
}
Event: 8.374 GC heap after
{Heap after GC invocations=51 (full 0):
 garbage-first heap   total 199680K, used 95714K [0x0000000080000000, 0x0000000100000000)
  region size 1024K, 4 young (4096K), 4 survivors (4096K)
 Metaspace       used 90062K, committed 90944K, reserved 1179648K
  class space    used 12766K, committed 13184K, reserved 1048576K
}
Event: 8.678 GC heap before
{Heap before GC invocations=52 (full 0):
 garbage-first heap   total 199680K, used 171490K [0x0000000080000000, 0x0000000100000000)
  region size 1024K, 74 young (75776K), 4 survivors (4096K)
 Metaspace       used 96973K, committed 97920K, reserved 1179648K
  class space    used 13757K, committed 14208K, reserved 1048576K
}
Event: 8.683 GC heap after
{Heap after GC invocations=53 (full 0):
 garbage-first heap   total 199680K, used 100254K [0x0000000080000000, 0x0000000100000000)
  region size 1024K, 10 young (10240K), 10 survivors (10240K)
 Metaspace       used 96973K, committed 97920K, reserved 1179648K
  class space    used 13757K, committed 14208K, reserved 1048576K
}
Event: 8.684 GC heap before
{Heap before GC invocations=53 (full 0):
 garbage-first heap   total 199680K, used 101278K [0x0000000080000000, 0x0000000100000000)
  region size 1024K, 11 young (11264K), 10 survivors (10240K)
 Metaspace       used 97027K, committed 97920K, reserved 1179648K
  class space    used 13758K, committed 14208K, reserved 1048576K
}
Event: 8.687 GC heap after
{Heap after GC invocations=54 (full 0):
 garbage-first heap   total 199680K, used 101550K [0x0000000080000000, 0x0000000100000000)
  region size 1024K, 2 young (2048K), 2 survivors (2048K)
 Metaspace       used 97027K, committed 97920K, reserved 1179648K
  class space    used 13758K, committed 14208K, reserved 1048576K
}
Event: 8.897 GC heap before
{Heap before GC invocations=54 (full 0):
 garbage-first heap   total 199680K, used 165038K [0x0000000080000000, 0x0000000100000000)
  region size 1024K, 65 young (66560K), 2 survivors (2048K)
 Metaspace       used 103558K, committed 104512K, reserved 1179648K
  class space    used 15037K, committed 15488K, reserved 1048576K
}
Event: 8.900 GC heap after
{Heap after GC invocations=55 (full 0):
 garbage-first heap   total 199680K, used 107122K [0x0000000080000000, 0x0000000100000000)
  region size 1024K, 7 young (7168K), 7 survivors (7168K)
 Metaspace       used 103558K, committed 104512K, reserved 1179648K
  class space    used 15037K, committed 15488K, reserved 1048576K
}
Event: 9.124 GC heap before
{Heap before GC invocations=56 (full 0):
 garbage-first heap   total 199680K, used 164466K [0x0000000080000000, 0x0000000100000000)
  region size 1024K, 64 young (65536K), 7 survivors (7168K)
 Metaspace       used 109356K, committed 110336K, reserved 1179648K
  class space    used 16233K, committed 16704K, reserved 1048576K
}
Event: 9.127 GC heap after
{Heap after GC invocations=57 (full 0):
 garbage-first heap   total 199680K, used 110249K [0x0000000080000000, 0x0000000100000000)
  region size 1024K, 4 young (4096K), 4 survivors (4096K)
 Metaspace       used 109356K, committed 110336K, reserved 1179648K
  class space    used 16233K, committed 16704K, reserved 1048576K
}
Event: 9.135 GC heap before
{Heap before GC invocations=57 (full 0):
 garbage-first heap   total 199680K, used 114345K [0x0000000080000000, 0x0000000100000000)
  region size 1024K, 9 young (9216K), 4 survivors (4096K)
 Metaspace       used 109621K, committed 110656K, reserved 1179648K
  class space    used 16273K, committed 16768K, reserved 1048576K
}

