# JRE version: OpenJDK Runtime Environment Microsoft-13877129 (17.0.19+10) (build 17.0.19+10-LTS)
# Java VM: OpenJDK 64-Bit Server VM Microsoft-13877129 (17.0.19+10-LTS, mixed mode, sharing, tiered, compressed oops, compressed class ptrs, g1 gc, windows-amd64)
GC Precious Log:
 CPUs: 10 total, 10 available
 Memory: 15751M
 Large Page Support: Disabled
 NUMA Support: Disabled
 Compressed Oops: Enabled (32-bit)
 Heap Region Size: 1M
 Heap Min Capacity: 8M
 Heap Initial Capacity: 248M
 Heap Max Capacity: 2G
 Pre-touch: Disabled
 Parallel Workers: 9
 Concurrent Workers: 2
 Concurrent Refinement Workers: 9
 Periodic GC: Disabled
Heap:
 garbage-first heap   total 253952K, used 135692K [0x0000000080000000, 0x0000000100000000)
  region size 1024K, 6 young (6144K), 6 survivors (6144K)
 Metaspace       used 98123K, committed 99136K, reserved 1179648K
  class space    used 13785K, committed 14272K, reserved 1048576K
GC Heap History (20 events):
Event: 7.509 GC heap after
{Heap after GC invocations=46 (full 0):
 garbage-first heap   total 145408K, used 83065K [0x0000000080000000, 0x0000000100000000)
  region size 1024K, 4 young (4096K), 4 survivors (4096K)
 Metaspace       used 86210K, committed 87040K, reserved 1179648K
  class space    used 12176K, committed 12608K, reserved 1048576K
}
Event: 82.917 GC heap before
{Heap before GC invocations=46 (full 0):
 garbage-first heap   total 145408K, used 119929K [0x0000000080000000, 0x0000000100000000)
  region size 1024K, 41 young (41984K), 4 survivors (4096K)
 Metaspace       used 88962K, committed 89792K, reserved 1179648K
  class space    used 12680K, committed 13056K, reserved 1048576K
}
Event: 82.920 GC heap after
{Heap after GC invocations=47 (full 0):
 garbage-first heap   total 145408K, used 85240K [0x0000000080000000, 0x0000000100000000)
  region size 1024K, 5 young (5120K), 5 survivors (5120K)
 Metaspace       used 88962K, committed 89792K, reserved 1179648K
  class space    used 12680K, committed 13056K, reserved 1048576K
}
Event: 83.226 GC heap before
{Heap before GC invocations=48 (full 0):
 garbage-first heap   total 158720K, used 126200K [0x0000000080000000, 0x0000000100000000)
  region size 1024K, 41 young (41984K), 5 survivors (5120K)
 Metaspace       used 92090K, committed 92928K, reserved 1179648K
  class space    used 12965K, committed 13376K, reserved 1048576K
}
Event: 83.229 GC heap after
{Heap after GC invocations=49 (full 0):
 garbage-first heap   total 158720K, used 87237K [0x0000000080000000, 0x0000000100000000)
  region size 1024K, 5 young (5120K), 5 survivors (5120K)
 Metaspace       used 92090K, committed 92928K, reserved 1179648K
  class space    used 12965K, committed 13376K, reserved 1048576K
}
Event: 83.430 GC heap before
{Heap before GC invocations=49 (full 0):
 garbage-first heap   total 158720K, used 131269K [0x0000000080000000, 0x0000000100000000)
  region size 1024K, 49 young (50176K), 5 survivors (5120K)
 Metaspace       used 93180K, committed 94080K, reserved 1179648K
  class space    used 13100K, committed 13504K, reserved 1048576K
}
Event: 83.433 GC heap after
{Heap after GC invocations=50 (full 0):
 garbage-first heap   total 158720K, used 89352K [0x0000000080000000, 0x0000000100000000)
  region size 1024K, 5 young (5120K), 5 survivors (5120K)
 Metaspace       used 93180K, committed 94080K, reserved 1179648K
  class space    used 13100K, committed 13504K, reserved 1048576K
}
Event: 83.819 GC heap before
{Heap before GC invocations=51 (full 0):
 garbage-first heap   total 158720K, used 134408K [0x0000000080000000, 0x0000000100000000)
  region size 1024K, 48 young (49152K), 5 survivors (5120K)
 Metaspace       used 96350K, committed 97280K, reserved 1179648K
  class space    used 13535K, committed 14016K, reserved 1048576K
}
Event: 83.822 GC heap after
{Heap after GC invocations=52 (full 0):
 garbage-first heap   total 158720K, used 93872K [0x0000000080000000, 0x0000000100000000)
  region size 1024K, 5 young (5120K), 5 survivors (5120K)
 Metaspace       used 96350K, committed 97280K, reserved 1179648K
  class space    used 13535K, committed 14016K, reserved 1048576K
}
Event: 83.826 GC heap before
{Heap before GC invocations=52 (full 0):
 garbage-first heap   total 158720K, used 95920K [0x0000000080000000, 0x0000000100000000)
  region size 1024K, 8 young (8192K), 5 survivors (5120K)
 Metaspace       used 96395K, committed 97344K, reserved 1179648K
  class space    used 13537K, committed 14016K, reserved 1048576K
}
Event: 83.828 GC heap after
{Heap after GC invocations=53 (full 0):
 garbage-first heap   total 158720K, used 94454K [0x0000000080000000, 0x0000000100000000)
  region size 1024K, 1 young (1024K), 1 survivors (1024K)
 Metaspace       used 96395K, committed 97344K, reserved 1179648K
  class space    used 13537K, committed 14016K, reserved 1048576K
}
Event: 83.876 GC heap before
{Heap before GC invocations=53 (full 0):
 garbage-first heap   total 158720K, used 133366K [0x0000000080000000, 0x0000000100000000)
  region size 1024K, 40 young (40960K), 1 survivors (1024K)
 Metaspace       used 97424K, committed 98368K, reserved 1179648K
  class space    used 13698K, committed 14208K, reserved 1048576K
}
Event: 83.878 GC heap after
{Heap after GC invocations=54 (full 0):
 garbage-first heap   total 158720K, used 102641K [0x0000000080000000, 0x0000000100000000)
  region size 1024K, 5 young (5120K), 5 survivors (5120K)
 Metaspace       used 97424K, committed 98368K, reserved 1179648K
  class space    used 13698K, committed 14208K, reserved 1048576K
}
Event: 83.919 GC heap before
{Heap before GC invocations=54 (full 0):
 garbage-first heap   total 208896K, used 130289K [0x0000000080000000, 0x0000000100000000)
  region size 1024K, 33 young (33792K), 5 survivors (5120K)
 Metaspace       used 97899K, committed 98880K, reserved 1179648K
  class space    used 13775K, committed 14272K, reserved 1048576K
}
Event: 83.922 GC heap after
{Heap after GC invocations=55 (full 0):
 garbage-first heap   total 208896K, used 109348K [0x0000000080000000, 0x0000000100000000)
  region size 1024K, 5 young (5120K), 5 survivors (5120K)
 Metaspace       used 97899K, committed 98880K, reserved 1179648K
  class space    used 13775K, committed 14272K, reserved 1048576K
}
Event: 83.969 GC heap before
{Heap before GC invocations=56 (full 0):
 garbage-first heap   total 208896K, used 165668K [0x0000000080000000, 0x0000000100000000)
  region size 1024K, 60 young (61440K), 5 survivors (5120K)
 Metaspace       used 98091K, committed 99008K, reserved 1179648K
  class space    used 13784K, committed 14272K, reserved 1048576K
}
Event: 83.976 GC heap after
{Heap after GC invocations=57 (full 0):
 garbage-first heap   total 208896K, used 121184K [0x0000000080000000, 0x0000000100000000)
  region size 1024K, 8 young (8192K), 8 survivors (8192K)
 Metaspace       used 98091K, committed 99008K, reserved 1179648K
  class space    used 13784K, committed 14272K, reserved 1048576K
}
Event: 83.977 GC heap before
{Heap before GC invocations=57 (full 0):
 garbage-first heap   total 208896K, used 123232K [0x0000000080000000, 0x0000000100000000)
  region size 1024K, 10 young (10240K), 8 survivors (8192K)
 Metaspace       used 98095K, committed 99008K, reserved 1179648K
  class space    used 13784K, committed 14272K, reserved 1048576K
}
Event: 83.980 GC heap after
{Heap after GC invocations=58 (full 0):
 garbage-first heap   total 208896K, used 122654K [0x0000000080000000, 0x0000000100000000)
  region size 1024K, 2 young (2048K), 2 survivors (2048K)
 Metaspace       used 98095K, committed 99008K, reserved 1179648K
  class space    used 13784K, committed 14272K, reserved 1048576K
}
Event: 84.014 GC heap before
{Heap before GC invocations=58 (full 0):
 garbage-first heap   total 208896K, used 165662K [0x0000000080000000, 0x0000000100000000)
  region size 1024K, 45 young (46080K), 2 survivors (2048K)
 Metaspace       used 98123K, committed 99136K, reserved 1179648K
  class space    used 13785K, committed 14272K, reserved 1048576K
}

