# JRE version: OpenJDK Runtime Environment Microsoft-13877129 (17.0.19+10) (build 17.0.19+10-LTS)
# Java VM: OpenJDK 64-Bit Server VM Microsoft-13877129 (17.0.19+10-LTS, mixed mode, sharing, tiered, compressed oops, compressed class ptrs, g1 gc, windows-amd64)
GC Precious Log:
 CPUs: 10 total, 10 available
 Memory: 15751M
 Large Page Support: Disabled
 NUMA Support: Disabled
 Compressed Oops: Enabled (32-bit)
 Heap Region Size: 1M
 Heap Min Capacity: 8M
 Heap Initial Capacity: 248M
 Heap Max Capacity: 2G
 Pre-touch: Disabled
 Parallel Workers: 9
 Concurrent Workers: 2
 Concurrent Refinement Workers: 9
 Periodic GC: Disabled
Heap:
 garbage-first heap   total 253952K, used 138735K [0x0000000080000000, 0x0000000100000000)
  region size 1024K, 3 young (3072K), 3 survivors (3072K)
 Metaspace       used 118234K, committed 119232K, reserved 1179648K
  class space    used 17438K, committed 17920K, reserved 1048576K
GC Heap History (20 events):
Event: 10.225 GC heap after
{Heap after GC invocations=37 (full 0):
 garbage-first heap   total 171008K, used 103748K [0x0000000080000000, 0x0000000100000000)
  region size 1024K, 7 young (7168K), 7 survivors (7168K)
 Metaspace       used 98691K, committed 99648K, reserved 1179648K
  class space    used 14070K, committed 14528K, reserved 1048576K
}
Event: 10.421 GC heap before
{Heap before GC invocations=38 (full 0):
 garbage-first heap   total 188416K, used 139588K [0x0000000080000000, 0x0000000100000000)
  region size 1024K, 43 young (44032K), 7 survivors (7168K)
 Metaspace       used 102765K, committed 103680K, reserved 1179648K
  class space    used 14794K, committed 15232K, reserved 1048576K
}
Event: 10.424 GC heap after
{Heap after GC invocations=39 (full 0):
 garbage-first heap   total 188416K, used 106499K [0x0000000080000000, 0x0000000100000000)
  region size 1024K, 3 young (3072K), 3 survivors (3072K)
 Metaspace       used 102765K, committed 103680K, reserved 1179648K
  class space    used 14794K, committed 15232K, reserved 1048576K
}
Event: 10.454 GC heap before
{Heap before GC invocations=39 (full 0):
 garbage-first heap   total 188416K, used 112643K [0x0000000080000000, 0x0000000100000000)
  region size 1024K, 9 young (9216K), 3 survivors (3072K)
 Metaspace       used 103534K, committed 104512K, reserved 1179648K
  class space    used 15030K, committed 15488K, reserved 1048576K
}
Event: 10.456 GC heap after
{Heap after GC invocations=40 (full 0):
 garbage-first heap   total 226304K, used 106766K [0x0000000080000000, 0x0000000100000000)
  region size 1024K, 1 young (1024K), 1 survivors (1024K)
 Metaspace       used 103534K, committed 104512K, reserved 1179648K
  class space    used 15030K, committed 15488K, reserved 1048576K
}
Event: 10.799 GC heap before
{Heap before GC invocations=40 (full 0):
 garbage-first heap   total 226304K, used 185614K [0x0000000080000000, 0x0000000100000000)
  region size 1024K, 79 young (80896K), 1 survivors (1024K)
 Metaspace       used 110650K, committed 111616K, reserved 1179648K
  class space    used 16421K, committed 16896K, reserved 1048576K
}
Event: 10.804 GC heap after
{Heap after GC invocations=41 (full 0):
 garbage-first heap   total 226304K, used 112301K [0x0000000080000000, 0x0000000100000000)
  region size 1024K, 7 young (7168K), 7 survivors (7168K)
 Metaspace       used 110650K, committed 111616K, reserved 1179648K
  class space    used 16421K, committed 16896K, reserved 1048576K
}
Event: 11.070 GC heap before
{Heap before GC invocations=42 (full 0):
 garbage-first heap   total 226304K, used 185005K [0x0000000080000000, 0x0000000100000000)
  region size 1024K, 79 young (80896K), 7 survivors (7168K)
 Metaspace       used 113740K, committed 114688K, reserved 1179648K
  class space    used 16876K, committed 17344K, reserved 1048576K
}
Event: 11.074 GC heap after
{Heap after GC invocations=43 (full 0):
 garbage-first heap   total 226304K, used 116090K [0x0000000080000000, 0x0000000100000000)
  region size 1024K, 7 young (7168K), 7 survivors (7168K)
 Metaspace       used 113740K, committed 114688K, reserved 1179648K
  class space    used 16876K, committed 17344K, reserved 1048576K
}
Event: 11.082 GC heap before
{Heap before GC invocations=43 (full 0):
 garbage-first heap   total 226304K, used 120186K [0x0000000080000000, 0x0000000100000000)
  region size 1024K, 11 young (11264K), 7 survivors (7168K)
 Metaspace       used 113882K, committed 114880K, reserved 1179648K
  class space    used 16916K, committed 17408K, reserved 1048576K
}
Event: 11.085 GC heap after
{Heap after GC invocations=44 (full 0):
 garbage-first heap   total 226304K, used 116090K [0x0000000080000000, 0x0000000100000000)
  region size 1024K, 1 young (1024K), 1 survivors (1024K)
 Metaspace       used 113882K, committed 114880K, reserved 1179648K
  class space    used 16916K, committed 17408K, reserved 1048576K
}
Event: 11.387 GC heap before
{Heap before GC invocations=44 (full 0):
 garbage-first heap   total 226304K, used 185722K [0x0000000080000000, 0x0000000100000000)
  region size 1024K, 69 young (70656K), 1 survivors (1024K)
 Metaspace       used 115031K, committed 115968K, reserved 1179648K
  class space    used 17066K, committed 17536K, reserved 1048576K
}
Event: 11.389 GC heap after
{Heap after GC invocations=45 (full 0):
 garbage-first heap   total 226304K, used 116442K [0x0000000080000000, 0x0000000100000000)
  region size 1024K, 2 young (2048K), 2 survivors (2048K)
 Metaspace       used 115031K, committed 115968K, reserved 1179648K
  class space    used 17066K, committed 17536K, reserved 1048576K
}
Event: 11.786 GC heap before
{Heap before GC invocations=45 (full 0):
 garbage-first heap   total 226304K, used 186074K [0x0000000080000000, 0x0000000100000000)
  region size 1024K, 71 young (72704K), 2 survivors (2048K)
 Metaspace       used 116236K, committed 117248K, reserved 1179648K
  class space    used 17190K, committed 17664K, reserved 1048576K
}
Event: 11.788 GC heap after
{Heap after GC invocations=46 (full 0):
 garbage-first heap   total 226304K, used 120134K [0x0000000080000000, 0x0000000100000000)
  region size 1024K, 5 young (5120K), 5 survivors (5120K)
 Metaspace       used 116236K, committed 117248K, reserved 1179648K
  class space    used 17190K, committed 17664K, reserved 1048576K
}
Event: 12.026 GC heap before
{Heap before GC invocations=46 (full 0):
 garbage-first heap   total 226304K, used 148806K [0x0000000080000000, 0x0000000100000000)
  region size 1024K, 25 young (25600K), 5 survivors (5120K)
 Metaspace       used 117989K, committed 118976K, reserved 1179648K
  class space    used 17409K, committed 17856K, reserved 1048576K
}
Event: 12.029 GC heap after
{Heap after GC invocations=47 (full 0):
 garbage-first heap   total 226304K, used 132579K [0x0000000080000000, 0x0000000100000000)
  region size 1024K, 6 young (6144K), 6 survivors (6144K)
 Metaspace       used 117989K, committed 118976K, reserved 1179648K
  class space    used 17409K, committed 17856K, reserved 1048576K
}
Event: 12.218 GC heap before
{Heap before GC invocations=47 (full 0):
 garbage-first heap   total 226304K, used 148963K [0x0000000080000000, 0x0000000100000000)
  region size 1024K, 9 young (9216K), 6 survivors (6144K)
 Metaspace       used 118234K, committed 119232K, reserved 1179648K
  class space    used 17438K, committed 17920K, reserved 1048576K
}
Event: 12.222 GC heap after
{Heap after GC invocations=48 (full 0):
 garbage-first heap   total 226304K, used 136906K [0x0000000080000000, 0x0000000100000000)
  region size 1024K, 3 young (3072K), 3 survivors (3072K)
 Metaspace       used 118234K, committed 119232K, reserved 1179648K
  class space    used 17438K, committed 17920K, reserved 1048576K
}
Event: 12.223 GC heap before
{Heap before GC invocations=48 (full 0):
 garbage-first heap   total 226304K, used 138954K [0x0000000080000000, 0x0000000100000000)
  region size 1024K, 4 young (4096K), 3 survivors (3072K)
 Metaspace       used 118234K, committed 119232K, reserved 1179648K
  class space    used 17438K, committed 17920K, reserved 1048576K
}

