# JRE version: OpenJDK Runtime Environment Microsoft-13877129 (17.0.19+10) (build 17.0.19+10-LTS)
# Java VM: OpenJDK 64-Bit Server VM Microsoft-13877129 (17.0.19+10-LTS, mixed mode, sharing, tiered, compressed oops, compressed class ptrs, g1 gc, windows-amd64)
GC Precious Log:
 CPUs: 10 total, 10 available
 Memory: 15751M
 Large Page Support: Disabled
 NUMA Support: Disabled
 Compressed Oops: Enabled (32-bit)
 Heap Region Size: 1M
 Heap Min Capacity: 8M
 Heap Initial Capacity: 248M
 Heap Max Capacity: 2G
 Pre-touch: Disabled
 Parallel Workers: 9
 Concurrent Workers: 2
 Concurrent Refinement Workers: 9
 Periodic GC: Disabled
Heap:
 garbage-first heap   total 253952K, used 115630K [0x0000000080000000, 0x0000000100000000)
  region size 1024K, 5 young (5120K), 5 survivors (5120K)
 Metaspace       used 98092K, committed 99008K, reserved 1179648K
  class space    used 13730K, committed 14208K, reserved 1048576K
GC Heap History (20 events):
Event: 5.069 GC heap after
{Heap after GC invocations=20 (full 0):
 garbage-first heap   total 172032K, used 68738K [0x0000000080000000, 0x0000000100000000)
  region size 1024K, 2 young (2048K), 2 survivors (2048K)
 Metaspace       used 65249K, committed 65920K, reserved 1114112K
  class space    used 9090K, committed 9408K, reserved 1048576K
}
Event: 5.465 GC heap before
{Heap before GC invocations=20 (full 0):
 garbage-first heap   total 172032K, used 136322K [0x0000000080000000, 0x0000000100000000)
  region size 1024K, 68 young (69632K), 2 survivors (2048K)
 Metaspace       used 69563K, committed 70336K, reserved 1114112K
  class space    used 9635K, committed 9984K, reserved 1048576K
}
Event: 5.466 GC heap after
{Heap after GC invocations=21 (full 0):
 garbage-first heap   total 172032K, used 70859K [0x0000000080000000, 0x0000000100000000)
  region size 1024K, 4 young (4096K), 4 survivors (4096K)
 Metaspace       used 69563K, committed 70336K, reserved 1114112K
  class space    used 9635K, committed 9984K, reserved 1048576K
}
Event: 5.912 GC heap before
{Heap before GC invocations=21 (full 0):
 garbage-first heap   total 172032K, used 138443K [0x0000000080000000, 0x0000000100000000)
  region size 1024K, 70 young (71680K), 4 survivors (4096K)
 Metaspace       used 74065K, committed 74816K, reserved 1114112K
  class space    used 10351K, committed 10688K, reserved 1048576K
}
Event: 5.914 GC heap after
{Heap after GC invocations=22 (full 0):
 garbage-first heap   total 172032K, used 73017K [0x0000000080000000, 0x0000000100000000)
  region size 1024K, 6 young (6144K), 6 survivors (6144K)
 Metaspace       used 74065K, committed 74816K, reserved 1114112K
  class space    used 10351K, committed 10688K, reserved 1048576K
}
Event: 6.344 GC heap before
{Heap before GC invocations=22 (full 0):
 garbage-first heap   total 172032K, used 140601K [0x0000000080000000, 0x0000000100000000)
  region size 1024K, 72 young (73728K), 6 survivors (6144K)
 Metaspace       used 79165K, committed 79936K, reserved 1179648K
  class space    used 11144K, committed 11520K, reserved 1048576K
}
Event: 6.347 GC heap after
{Heap after GC invocations=23 (full 0):
 garbage-first heap   total 172032K, used 76032K [0x0000000080000000, 0x0000000100000000)
  region size 1024K, 6 young (6144K), 6 survivors (6144K)
 Metaspace       used 79165K, committed 79936K, reserved 1179648K
  class space    used 11144K, committed 11520K, reserved 1048576K
}
Event: 6.702 GC heap before
{Heap before GC invocations=23 (full 0):
 garbage-first heap   total 172032K, used 140544K [0x0000000080000000, 0x0000000100000000)
  region size 1024K, 69 young (70656K), 6 survivors (6144K)
 Metaspace       used 83426K, committed 84288K, reserved 1179648K
  class space    used 11782K, committed 12224K, reserved 1048576K
}
Event: 6.708 GC heap after
{Heap after GC invocations=24 (full 0):
 garbage-first heap   total 172032K, used 79226K [0x0000000080000000, 0x0000000100000000)
  region size 1024K, 6 young (6144K), 6 survivors (6144K)
 Metaspace       used 83426K, committed 84288K, reserved 1179648K
  class space    used 11782K, committed 12224K, reserved 1048576K
}
Event: 7.093 GC heap before
{Heap before GC invocations=24 (full 0):
 garbage-first heap   total 172032K, used 142714K [0x0000000080000000, 0x0000000100000000)
  region size 1024K, 68 young (69632K), 6 survivors (6144K)
 Metaspace       used 88388K, committed 89216K, reserved 1179648K
  class space    used 12477K, committed 12864K, reserved 1048576K
}
Event: 7.096 GC heap after
{Heap after GC invocations=25 (full 0):
 garbage-first heap   total 172032K, used 82689K [0x0000000080000000, 0x0000000100000000)
  region size 1024K, 7 young (7168K), 7 survivors (7168K)
 Metaspace       used 88388K, committed 89216K, reserved 1179648K
  class space    used 12477K, committed 12864K, reserved 1048576K
}
Event: 7.478 GC heap before
{Heap before GC invocations=25 (full 0):
 garbage-first heap   total 172032K, used 147201K [0x0000000080000000, 0x0000000100000000)
  region size 1024K, 66 young (67584K), 7 survivors (7168K)
 Metaspace       used 92380K, committed 93248K, reserved 1179648K
  class space    used 12943K, committed 13376K, reserved 1048576K
}
Event: 7.482 GC heap after
{Heap after GC invocations=26 (full 0):
 garbage-first heap   total 172032K, used 86237K [0x0000000080000000, 0x0000000100000000)
  region size 1024K, 7 young (7168K), 7 survivors (7168K)
 Metaspace       used 92380K, committed 93248K, reserved 1179648K
  class space    used 12943K, committed 13376K, reserved 1048576K
}
Event: 7.832 GC heap before
{Heap before GC invocations=26 (full 0):
 garbage-first heap   total 172032K, used 144605K [0x0000000080000000, 0x0000000100000000)
  region size 1024K, 63 young (64512K), 7 survivors (7168K)
 Metaspace       used 95770K, committed 96640K, reserved 1179648K
  class space    used 13404K, committed 13824K, reserved 1048576K
}
Event: 7.835 GC heap after
{Heap after GC invocations=27 (full 0):
 garbage-first heap   total 172032K, used 90764K [0x0000000080000000, 0x0000000100000000)
  region size 1024K, 6 young (6144K), 6 survivors (6144K)
 Metaspace       used 95770K, committed 96640K, reserved 1179648K
  class space    used 13404K, committed 13824K, reserved 1048576K
}
Event: 7.942 GC heap before
{Heap before GC invocations=27 (full 0):
 garbage-first heap   total 172032K, used 144012K [0x0000000080000000, 0x0000000100000000)
  region size 1024K, 59 young (60416K), 6 survivors (6144K)
 Metaspace       used 97360K, committed 98240K, reserved 1179648K
  class space    used 13637K, committed 14080K, reserved 1048576K
}
Event: 7.946 GC heap after
{Heap after GC invocations=28 (full 0):
 garbage-first heap   total 172032K, used 101269K [0x0000000080000000, 0x0000000100000000)
  region size 1024K, 8 young (8192K), 8 survivors (8192K)
 Metaspace       used 97360K, committed 98240K, reserved 1179648K
  class space    used 13637K, committed 14080K, reserved 1048576K
}
Event: 8.002 GC heap before
{Heap before GC invocations=28 (full 0):
 garbage-first heap   total 172032K, used 140181K [0x0000000080000000, 0x0000000100000000)
  region size 1024K, 47 young (48128K), 8 survivors (8192K)
 Metaspace       used 98060K, committed 99008K, reserved 1179648K
  class space    used 13725K, committed 14208K, reserved 1048576K
}
Event: 8.006 GC heap after
{Heap after GC invocations=29 (full 0):
 garbage-first heap   total 172032K, used 109429K [0x0000000080000000, 0x0000000100000000)
  region size 1024K, 6 young (6144K), 6 survivors (6144K)
 Metaspace       used 98060K, committed 99008K, reserved 1179648K
  class space    used 13725K, committed 14208K, reserved 1048576K
}
Event: 8.027 GC heap before
{Heap before GC invocations=29 (full 0):
 garbage-first heap   total 172032K, used 140149K [0x0000000080000000, 0x0000000100000000)
  region size 1024K, 36 young (36864K), 6 survivors (6144K)
 Metaspace       used 98092K, committed 99008K, reserved 1179648K
  class space    used 13730K, committed 14208K, reserved 1048576K
}

